2014-01-14 21:25:39 [weipai] [INFO] [weipai.py:60] - begin analysis...
2014-01-14 21:25:39 [weipai] [INFO] [weipai.py:63] - start analysis page: 1
2014-01-14 21:25:40 [weipai] [INFO] [weipai.py:26] - start analysis video: 52d01b7578d3ccbb558b475f
2014-01-14 21:25:41 [weipai] [INFO] [weipai.py:26] - start analysis video: 52ce30dee341670a1c8b4630
2014-01-14 21:25:41 [weipai] [INFO] [weipai.py:26] - start analysis video: 52ce3a4878d3cc9f118b45cd
2014-01-14 21:25:41 [weipai] [INFO] [weipai.py:26] - start analysis video: 52cc1b0ce3416735378b4654
2014-01-14 21:25:41 [weipai] [INFO] [weipai.py:26] - start analysis video: 52ce4c6c79d3ccee138b4630
2014-01-14 21:25:41 [weipai] [INFO] [weipai.py:26] - start analysis video: 52cad7d7c58a871c531bd73e
2014-01-14 21:25:41 [weipai] [INFO] [weipai.py:26] - start analysis video: 52cc2547e341671e3e8b45e2
2014-01-14 21:25:41 [weipai] [INFO] [weipai.py:26] - start analysis video: 52ca6063813494b04bfcd80e
2014-01-14 21:25:41 [weipai] [INFO] [weipai.py:26] - start analysis video: 52cdb46de34167b1598b45aa
2014-01-14 21:25:42 [weipai] [INFO] [weipai.py:26] - start analysis video: 52cd2ee6ebeddb0e238b4596
2014-01-14 21:25:42 [weipai] [INFO] [weipai.py:26] - start analysis video: 52c6d9288034942a192490a0
2014-01-14 21:25:42 [weipai] [INFO] [weipai.py:26] - start analysis video: 52ca372979d3cc6a4f8b4569
2014-01-14 21:25:42 [weipai] [INFO] [weipai.py:26] - start analysis video: 52cda04478d3ccfa658b45e9
2014-01-14 21:25:42 [weipai] [INFO] [weipai.py:26] - start analysis video: 52cbe7c177d3cc2d198b457f
2014-01-14 21:25:42 [weipai] [INFO] [weipai.py:26] - start analysis video: 52cd589a78d3cc2b528b4648
2014-01-14 21:25:42 [weipai] [INFO] [weipai.py:81] - end analysis page: 1
2014-01-14 21:25:42 [weipai] [INFO] [weipai.py:63] - start analysis page: 2
2014-01-14 21:25:46 [weipai] [INFO] [weipai.py:26] - start analysis video: 52ccf81bebeddb691e8b45a1
2014-01-14 21:25:46 [weipai] [INFO] [weipai.py:26] - start analysis video: 52c93c17e3416713198b45ff
2014-01-14 21:25:46 [weipai] [INFO] [weipai.py:26] - start analysis video: 52c9ce1478d3cc624a8b45c1
2014-01-14 21:25:47 [weipai] [INFO] [weipai.py:26] - start analysis video: 52cc34d978d3ccbb2e8b4655
2014-01-14 21:25:47 [weipai] [INFO] [weipai.py:26] - start analysis video: 52cba8b28134945a5a87b365
2014-01-14 21:25:47 [weipai] [INFO] [weipai.py:26] - start analysis video: 52ce089c77d3cc617e8b4567
2014-01-14 21:25:48 [weipai] [INFO] [weipai.py:26] - start analysis video: 52cbc00dc58a87ed605c0fd9
2014-01-14 21:25:48 [weipai] [INFO] [weipai.py:26] - start analysis video: 52c304d3ebeddbd5498b460e
2014-01-14 21:25:49 [weipai] [INFO] [weipai.py:26] - start analysis video: 52cd7e9679d3ccb95a8b456e
2014-01-14 21:25:49 [weipai] [INFO] [weipai.py:26] - start analysis video: 52ccea26ebeddbcd1c8b45e3
2014-01-14 21:25:50 [weipai] [INFO] [weipai.py:26] - start analysis video: 52ce1dc278d3cc0f068b4578
2014-01-14 21:25:50 [weipai] [INFO] [weipai.py:26] - start analysis video: 52c95529e3416762228b457a
2014-01-14 21:25:51 [weipai] [INFO] [weipai.py:26] - start analysis video: 52cabd3478d3ccd6698b45c0
2014-01-14 21:25:51 [weipai] [INFO] [weipai.py:26] - start analysis video: 52cbebe579d3ccd4128b45e8
2014-01-14 21:25:51 [weipai] [INFO] [weipai.py:26] - start analysis video: 52caa715e34167ed228b4714
2014-01-14 21:25:51 [weipai] [INFO] [weipai.py:81] - end analysis page: 2
2014-01-14 21:25:51 [weipai] [INFO] [weipai.py:63] - start analysis page: 3
2014-01-14 21:25:53 [weipai] [INFO] [weipai.py:26] - start analysis video: 52cd9ce9ebeddb6d398b45e5
2014-01-14 21:25:53 [weipai] [INFO] [weipai.py:26] - start analysis video: 52cbca44c58a87db6f754620
2014-01-14 21:25:54 [weipai] [INFO] [weipai.py:26] - start analysis video: 52c97d1578d3ccce3b8b456d
2014-01-14 21:25:55 [weipai] [INFO] [weipai.py:26] - start analysis video: 52cd2db579d3cc09468b45fc
2014-01-14 21:26:02 [weipai] [INFO] [weipai.py:26] - start analysis video: 52cb256079d3cce57c8b45ef
2014-01-14 21:26:03 [weipai] [INFO] [weipai.py:26] - start analysis video: 52cb11bee3416796578b466a
2014-01-14 21:26:03 [weipai] [INFO] [weipai.py:26] - start analysis video: 52caabc5e34167dc248b46f4
2014-01-14 21:26:03 [weipai] [INFO] [weipai.py:26] - start analysis video: 52cdb540813494d36da11806
2014-01-14 21:26:03 [weipai] [INFO] [weipai.py:26] - start analysis video: 52cc6bfc78d3cccd368b4639
2014-01-14 21:26:03 [weipai] [INFO] [weipai.py:26] - start analysis video: 52c6a3cbe34167350d8b4625
2014-01-14 21:26:03 [weipai] [INFO] [weipai.py:26] - start analysis video: 52ca0cb4ebeddb53378b461d
2014-01-14 21:26:04 [weipai] [INFO] [weipai.py:26] - start analysis video: 52cabfcc77d3cc926b8b460a
2014-01-14 21:26:04 [weipai] [INFO] [weipai.py:26] - start analysis video: 52ca2fb1e341675c768b4599
2014-01-14 21:26:04 [weipai] [INFO] [weipai.py:26] - start analysis video: 52c98b7977d3cc16428b45ab
2014-01-14 21:26:04 [weipai] [INFO] [weipai.py:26] - start analysis video: 52c81fba79d3cc2f7b8b4567
2014-01-14 21:26:04 [weipai] [INFO] [weipai.py:81] - end analysis page: 3
2014-01-14 21:26:04 [weipai] [INFO] [weipai.py:63] - start analysis page: 4
2014-01-14 21:26:05 [weipai] [INFO] [weipai.py:26] - start analysis video: 52c98b7977d3cc16428b45ab
2014-01-14 21:26:05 [weipai] [INFO] [weipai.py:26] - start analysis video: 52c81fba79d3cc2f7b8b4567
2014-01-14 21:26:05 [weipai] [INFO] [weipai.py:26] - start analysis video: 52ca86928034947b18932dbf
2014-01-14 21:26:05 [weipai] [INFO] [weipai.py:26] - start analysis video: 52cd1b90e341679b188b4631
2014-01-14 21:26:05 [weipai] [INFO] [weipai.py:26] - start analysis video: 52c93bce77d3cc36308b45d5
2014-01-14 21:26:05 [weipai] [INFO] [weipai.py:26] - start analysis video: 52cd8f1a79d3cca25e8b459a
2014-01-14 21:26:05 [weipai] [INFO] [weipai.py:26] - start analysis video: 52c827f779d3cc2f7e8b4600
2014-01-14 21:26:06 [weipai] [INFO] [weipai.py:26] - start analysis video: 52cd9b2d78d3cc54658b4796
2014-01-14 21:26:06 [weipai] [INFO] [weipai.py:26] - start analysis video: 52c30ad678d3cc1e3b8b466f
2014-01-14 21:26:06 [weipai] [INFO] [weipai.py:26] - start analysis video: 52cc540e79d3ccd02e8b459c
2014-01-14 21:26:06 [weipai] [INFO] [weipai.py:26] - start analysis video: 52c9232079d3cceb258b467c
2014-01-14 21:26:06 [weipai] [INFO] [weipai.py:26] - start analysis video: 52ccefe5ebeddb6e1d8b46a8
2014-01-14 21:26:06 [weipai] [INFO] [weipai.py:26] - start analysis video: 52c9661aebeddb24208b45d9
2014-01-14 21:26:06 [weipai] [INFO] [weipai.py:26] - start analysis video: 52c6d67e78d3cc4e4a8b4569
2014-01-14 21:26:06 [weipai] [INFO] [weipai.py:26] - start analysis video: 52cc29a578d3cc7e2a8b45a5
2014-01-14 21:26:06 [weipai] [INFO] [weipai.py:81] - end analysis page: 4
2014-01-14 21:26:06 [weipai] [INFO] [weipai.py:63] - start analysis page: 5
2014-01-14 21:26:07 [weipai] [INFO] [weipai.py:26] - start analysis video: 52c482538034941f190e4437
2014-01-14 21:26:07 [weipai] [INFO] [weipai.py:26] - start analysis video: 52c9aba18134940f389d8864
2014-01-14 21:26:07 [weipai] [INFO] [weipai.py:26] - start analysis video: 52c68f3a78d3ccc1388b45ef
2014-01-14 21:26:08 [weipai] [INFO] [weipai.py:26] - start analysis video: 52cd33dfc58a87b52ea532af
2014-01-14 21:26:08 [weipai] [INFO] [weipai.py:26] - start analysis video: 52ca8752ebeddb7e448b4645
2014-01-14 21:26:08 [weipai] [INFO] [weipai.py:26] - start analysis video: 52c9840febeddb99278b4594
2014-01-14 21:26:08 [weipai] [INFO] [weipai.py:26] - start analysis video: 52cb008a803494895700d458
2014-01-14 21:26:08 [weipai] [INFO] [weipai.py:26] - start analysis video: 52cc119fe341675b318b45b9
2014-01-14 21:26:08 [weipai] [INFO] [weipai.py:26] - start analysis video: 52cbadca79d3cc910c8b45fa
2014-01-14 21:26:08 [weipai] [INFO] [weipai.py:26] - start analysis video: 52cd50d279d3cc514b8b4570
2014-01-14 21:26:08 [weipai] [INFO] [weipai.py:26] - start analysis video: 52c44f42ebeddbbf738b45a3
2014-01-14 21:26:08 [weipai] [INFO] [weipai.py:26] - start analysis video: 52bdad75ebeddb680c8b457c
2014-01-14 21:26:08 [weipai] [INFO] [weipai.py:26] - start analysis video: 52b9b6b3803494bc2be5d616
2014-01-14 21:26:09 [weipai] [INFO] [weipai.py:26] - start analysis video: 52cd6f3d79d3cc08558b456a
2014-01-14 21:26:09 [weipai] [INFO] [weipai.py:26] - start analysis video: 52cac13377d3ccfc6b8b45f4
2014-01-14 21:26:09 [weipai] [INFO] [weipai.py:81] - end analysis page: 5
2014-01-14 21:26:09 [weipai] [INFO] [weipai.py:63] - start analysis page: 6
2014-01-14 21:26:10 [weipai] [INFO] [weipai.py:26] - start analysis video: 52ccdbc3ebeddb281b8b458b
2014-01-14 21:26:10 [weipai] [INFO] [weipai.py:26] - start analysis video: 52cb7f2e803494eb06d7d3f3
2014-01-14 21:26:10 [weipai] [INFO] [weipai.py:26] - start analysis video: 52cd5e8779d3cc6f4e8b46aa
2014-01-14 21:26:10 [weipai] [INFO] [weipai.py:26] - start analysis video: 52cc684d77d3cc4e378b465a
2014-01-14 21:26:10 [weipai] [INFO] [weipai.py:26] - start analysis video: 52c9879f77d3cca6408b4677
2014-01-14 21:26:10 [weipai] [INFO] [weipai.py:26] - start analysis video: 52c1346a5e8caa9d618b45ea
2014-01-14 21:26:11 [weipai] [INFO] [weipai.py:26] - start analysis video: 52ca7c2dc58a871d79aff1a0
2014-01-14 21:26:11 [weipai] [INFO] [weipai.py:26] - start analysis video: 52ca3209c58a87b522d65e16
2014-01-14 21:26:11 [weipai] [INFO] [weipai.py:26] - start analysis video: 52cd421ac58a872c68614a3a
2014-01-14 21:26:11 [weipai] [INFO] [weipai.py:26] - start analysis video: 52c84739e3416785418b45d3
2014-01-14 21:26:11 [weipai] [INFO] [weipai.py:26] - start analysis video: 52c29822c58a87531787dcfe
2014-01-14 21:26:12 [weipai] [INFO] [weipai.py:26] - start analysis video: 52c93721ebeddbe9198b462b
2014-01-14 21:26:12 [weipai] [INFO] [weipai.py:26] - start analysis video: 52cd096178d3cc25488b45c8
2014-01-14 21:26:12 [weipai] [INFO] [weipai.py:26] - start analysis video: 52cc0c71c58a879447fd4e05
2014-01-14 21:26:12 [weipai] [INFO] [weipai.py:26] - start analysis video: 52ce0dae77d3ccee7f8b45b0
2014-01-14 21:26:12 [weipai] [INFO] [weipai.py:81] - end analysis page: 6
2014-01-14 21:26:12 [weipai] [INFO] [weipai.py:63] - start analysis page: 7
2014-01-14 21:26:12 [weipai] [INFO] [weipai.py:26] - start analysis video: 52cd25d9e341671f1c8b45eb
2014-01-14 21:26:12 [weipai] [INFO] [weipai.py:26] - start analysis video: 52bfb590f0a6c2a4408b4616
2014-01-14 21:26:13 [weipai] [INFO] [weipai.py:26] - start analysis video: 52ca974be34167c91c8b4612
2014-01-14 21:26:13 [weipai] [INFO] [weipai.py:26] - start analysis video: 52cc6670e34167005a8b461c
2014-01-14 21:26:13 [weipai] [INFO] [weipai.py:26] - start analysis video: 52cd9522ebeddbb6388b45d2
2014-01-14 21:26:13 [weipai] [INFO] [weipai.py:26] - start analysis video: 52c996dbe3416753438b4597
2014-01-14 21:26:13 [weipai] [INFO] [weipai.py:26] - start analysis video: 52c974bf77d3cc4f3a8b4579
2014-01-14 21:26:13 [weipai] [INFO] [weipai.py:26] - start analysis video: 52caa635ebeddbe6488b45cc
2014-01-14 21:26:13 [weipai] [INFO] [weipai.py:26] - start analysis video: 52cb682b803494687e36946d
2014-01-14 21:26:13 [weipai] [INFO] [weipai.py:26] - start analysis video: 52c9817ee34167d2378b45af
2014-01-14 21:26:13 [weipai] [INFO] [weipai.py:26] - start analysis video: 52c714a4ebeddb21538b4621
2014-01-14 21:26:14 [weipai] [INFO] [weipai.py:26] - start analysis video: 52bab0ffe34167140e8b457a
2014-01-14 21:26:14 [weipai] [INFO] [weipai.py:26] - start analysis video: 52c33a1177d3cc86428b46b6
2014-01-14 21:26:14 [weipai] [INFO] [weipai.py:26] - start analysis video: 52c7929e79d3cc88668b4637
2014-01-14 21:26:14 [weipai] [INFO] [weipai.py:26] - start analysis video: 52cb0d9478d3cc4c028b4629
2014-01-14 21:26:14 [weipai] [INFO] [weipai.py:81] - end analysis page: 7
2014-01-14 21:26:14 [weipai] [INFO] [weipai.py:63] - start analysis page: 8
2014-01-14 21:26:15 [weipai] [INFO] [weipai.py:26] - start analysis video: 52ce08d777d3cc187e8b459a
2014-01-14 21:26:15 [weipai] [INFO] [weipai.py:26] - start analysis video: 52c728d377d3cc4a5e8b457f
2014-01-14 21:26:15 [weipai] [INFO] [weipai.py:26] - start analysis video: 52c96161e341671e278b4624
2014-01-14 21:26:15 [weipai] [INFO] [weipai.py:26] - start analysis video: 52ca6a5e78d3cc385c8b45d4
2014-01-14 21:26:15 [weipai] [INFO] [weipai.py:26] - start analysis video: 52caedf4c58a87452cf2d6e6
2014-01-14 21:26:15 [weipai] [INFO] [weipai.py:26] - start analysis video: 52c6ba6eebeddb1b3c8b456a
2014-01-14 21:26:15 [weipai] [INFO] [weipai.py:26] - start analysis video: 52cc1678ebeddb707e8b4621
2014-01-14 21:26:15 [weipai] [INFO] [weipai.py:26] - start analysis video: 52ca83e177d3cc9c5f8b4629
2014-01-14 21:26:15 [weipai] [INFO] [weipai.py:26] - start analysis video: 52cba81977d3ccc2128b45db
2014-01-14 21:26:15 [weipai] [INFO] [weipai.py:26] - start analysis video: 52c578f6e34167821b8b45e6
2014-01-14 21:26:16 [weipai] [INFO] [weipai.py:26] - start analysis video: 52ccff8d79d3cc53418b468f
2014-01-14 21:26:16 [weipai] [INFO] [weipai.py:26] - start analysis video: 52cc260ee34167f73e8b4588
2014-01-14 21:26:16 [weipai] [INFO] [weipai.py:26] - start analysis video: 52ca6d0478d3cc515c8b46a7
2014-01-14 21:26:16 [weipai] [INFO] [weipai.py:26] - start analysis video: 52c5979080349446045c90b6
2014-01-14 21:26:17 [weipai] [INFO] [weipai.py:26] - start analysis video: 52c5964879d3cc28128b45cb
2014-01-14 21:26:17 [weipai] [INFO] [weipai.py:81] - end analysis page: 8
2014-01-14 21:26:17 [weipai] [INFO] [weipai.py:63] - start analysis page: 9
2014-01-14 21:26:17 [weipai] [INFO] [weipai.py:26] - start analysis video: 52ca8a568034948b18ad4a09
2014-01-14 21:26:17 [weipai] [INFO] [weipai.py:26] - start analysis video: 52c99ecac58a874f41545340
2014-01-14 21:26:17 [weipai] [INFO] [weipai.py:26] - start analysis video: 52cb123ac58a87fc0b5e2c93
2014-01-14 21:26:18 [weipai] [INFO] [weipai.py:26] - start analysis video: 52c4cfaee34167fb5e8b4665
2014-01-14 21:26:18 [weipai] [INFO] [weipai.py:26] - start analysis video: 52cabe5278d3cc406a8b45c3
2014-01-14 21:26:18 [weipai] [INFO] [weipai.py:26] - start analysis video: 52c9524079d3ccaa2b8b45ba
2014-01-14 21:26:18 [weipai] [INFO] [weipai.py:26] - start analysis video: 52c5d3c68134944a791a60b0
2014-01-14 21:26:18 [weipai] [INFO] [weipai.py:26] - start analysis video: 52cc0a2578d3ccc11d8b45e5
2014-01-14 21:26:18 [weipai] [INFO] [weipai.py:26] - start analysis video: 52c584a4c58a87f55355346a
2014-01-14 21:26:18 [weipai] [INFO] [weipai.py:26] - start analysis video: 52bf20789d67d91e348b458f
2014-01-14 21:26:18 [weipai] [INFO] [weipai.py:26] - start analysis video: 52caa7c979d3cca35e8b457b
2014-01-14 21:26:18 [weipai] [INFO] [weipai.py:26] - start analysis video: 52cd0e8febeddb79208b461a
2014-01-14 21:26:18 [weipai] [INFO] [weipai.py:26] - start analysis video: 52cbea0179d3cca4128b4569
2014-01-14 21:26:18 [weipai] [INFO] [weipai.py:26] - start analysis video: 52cc44e578d3ccc5328b45d5
2014-01-14 21:26:19 [weipai] [INFO] [weipai.py:26] - start analysis video: 52cc168f813494284e01060c
2014-01-14 21:26:19 [weipai] [INFO] [weipai.py:81] - end analysis page: 9
2014-01-14 21:26:19 [weipai] [INFO] [weipai.py:63] - start analysis page: 10
2014-01-14 21:26:19 [weipai] [INFO] [weipai.py:26] - start analysis video: 52bcddf5c58a876423d93655
2014-01-14 21:26:19 [weipai] [INFO] [weipai.py:26] - start analysis video: 52bb0487ebeddb1d028b45de
2014-01-14 21:26:19 [weipai] [INFO] [weipai.py:26] - start analysis video: 52c26d75803494604caad1c4
2014-01-14 21:26:19 [weipai] [INFO] [weipai.py:26] - start analysis video: 52c0d482a07f03cc558b4662
2014-01-14 21:26:20 [weipai] [INFO] [weipai.py:26] - start analysis video: 52c9291577d3cc082e8b45b8
2014-01-14 21:26:20 [weipai] [INFO] [weipai.py:26] - start analysis video: 52cd84c38034944211f37d88
2014-01-14 21:26:20 [weipai] [INFO] [weipai.py:26] - start analysis video: 52cb1fd4e341676e5c8b45e3
2014-01-14 21:26:20 [weipai] [INFO] [weipai.py:26] - start analysis video: 52cdf5c878d3cc46758b4646
2014-01-14 21:26:20 [weipai] [INFO] [weipai.py:26] - start analysis video: 52c0b7578034947a3f664f5d
2014-01-14 21:26:20 [weipai] [INFO] [weipai.py:26] - start analysis video: 52b686f6ebeddb233f8b4598
2014-01-14 21:26:21 [weipai] [INFO] [weipai.py:26] - start analysis video: 52cd0dc0c58a87613eb28405
2014-01-14 21:26:21 [weipai] [INFO] [weipai.py:26] - start analysis video: 52c80a0debeddbfd6e8b45d8
2014-01-14 21:26:21 [weipai] [INFO] [weipai.py:26] - start analysis video: 52ccefd1ebeddb7f1d8b46f1
2014-01-14 21:26:21 [weipai] [INFO] [weipai.py:26] - start analysis video: 52caab9377d3cc13668b45c8
2014-01-14 21:26:21 [weipai] [INFO] [weipai.py:26] - start analysis video: 52ca9464e34167e81b8b4654
2014-01-14 21:26:21 [weipai] [INFO] [weipai.py:81] - end analysis page: 10
2014-01-14 21:26:21 [weipai] [INFO] [weipai.py:63] - start analysis page: 11
2014-01-14 21:26:22 [weipai] [INFO] [weipai.py:26] - start analysis video: 52c6dd20e34167022b8b45a2
2014-01-14 21:26:22 [weipai] [INFO] [weipai.py:26] - start analysis video: 52baa5a09f6c00602d2ef1e2
2014-01-14 21:26:22 [weipai] [INFO] [weipai.py:26] - start analysis video: 52cd7006c58a87c822666b82
2014-01-14 21:26:22 [weipai] [INFO] [weipai.py:26] - start analysis video: 52ccf049c58a87306c039130
2014-01-14 21:26:22 [weipai] [INFO] [weipai.py:26] - start analysis video: 52c55c4177d3ccf20d8b46d9
2014-01-14 21:26:22 [weipai] [INFO] [weipai.py:26] - start analysis video: 52c1510e78d3cc9c4c8b4591
2014-01-14 21:26:22 [weipai] [INFO] [weipai.py:26] - start analysis video: 52c270b5c58a87cf30cf8c4a
2014-01-14 21:26:23 [weipai] [INFO] [weipai.py:26] - start analysis video: 52ca8f1377d3ccaf618b464a
2014-01-14 21:26:23 [weipai] [INFO] [weipai.py:26] - start analysis video: 52c7b3a8ebeddbc5658b46d8
2014-01-14 21:26:23 [weipai] [INFO] [weipai.py:26] - start analysis video: 52cc2cfa77d3cc382c8b46b7
2014-01-14 21:26:23 [weipai] [INFO] [weipai.py:26] - start analysis video: 52c6f444e34167453a8b45bd
2014-01-14 21:26:23 [weipai] [INFO] [weipai.py:26] - start analysis video: 52c9840481349487755228c4
2014-01-14 21:26:23 [weipai] [INFO] [weipai.py:26] - start analysis video: 52c54f3be34167020b8b457c
2014-01-14 21:26:23 [weipai] [INFO] [weipai.py:26] - start analysis video: 52caaf2cebeddbed4a8b458e
2014-01-14 21:26:24 [weipai] [INFO] [weipai.py:26] - start analysis video: 52c6e42377d3cc1b518b45da
2014-01-14 21:26:24 [weipai] [INFO] [weipai.py:81] - end analysis page: 11
2014-01-14 21:26:24 [weipai] [INFO] [weipai.py:63] - start analysis page: 12
2014-01-14 21:26:24 [weipai] [INFO] [weipai.py:26] - start analysis video: 52c7a83379d3cc88698b4626
2014-01-14 21:26:24 [weipai] [INFO] [weipai.py:26] - start analysis video: 52c596b3e3416780288b45cd
2014-01-14 21:26:24 [weipai] [INFO] [weipai.py:26] - start analysis video: 52c28c2b813494ef745b8085
2014-01-14 21:26:24 [weipai] [INFO] [weipai.py:26] - start analysis video: 52cbc24a78d3ccb3148b461b
2014-01-14 21:26:24 [weipai] [INFO] [weipai.py:26] - start analysis video: 52cacde88034944a3f044bad
2014-01-14 21:26:24 [weipai] [INFO] [weipai.py:26] - start analysis video: 52c6b03fe341671c128b45fd
2014-01-14 21:26:24 [weipai] [INFO] [weipai.py:26] - start analysis video: 52c92cb279d3cc62278b4679
2014-01-14 21:26:25 [weipai] [INFO] [weipai.py:26] - start analysis video: 52c1856377d3cc6e588b45de
2014-01-14 21:26:25 [weipai] [INFO] [weipai.py:26] - start analysis video: 52cd730678d3cc7c5b8b45c6
2014-01-14 21:26:25 [weipai] [INFO] [weipai.py:26] - start analysis video: 52c3f59577d3cc4d588b46b6
2014-01-14 21:26:25 [weipai] [INFO] [weipai.py:26] - start analysis video: 52cd28f3ebeddb5c228b46cd
2014-01-14 21:26:25 [weipai] [INFO] [weipai.py:26] - start analysis video: 52c8095be34167e6208b456a
2014-01-14 21:26:25 [weipai] [INFO] [weipai.py:26] - start analysis video: 52bb3158e3416776788b462e
2014-01-14 21:26:25 [weipai] [INFO] [weipai.py:26] - start analysis video: 52b994a25e8caa934c8b456c
2014-01-14 21:26:25 [weipai] [INFO] [weipai.py:26] - start analysis video: 52bf2576ebeddb45438b45ae
2014-01-14 21:26:25 [weipai] [INFO] [weipai.py:81] - end analysis page: 12
2014-01-14 21:26:25 [weipai] [INFO] [weipai.py:63] - start analysis page: 13
2014-01-14 21:26:26 [weipai] [INFO] [weipai.py:26] - start analysis video: 52cc3e0178d3cca4318b4619
2014-01-14 21:26:26 [weipai] [INFO] [weipai.py:26] - start analysis video: 52c5375978d3cccb058b4630
2014-01-14 21:26:26 [weipai] [INFO] [weipai.py:26] - start analysis video: 52cc415d77d3cce7328b45c3
2014-01-14 21:26:26 [weipai] [INFO] [weipai.py:26] - start analysis video: 52cc39fc79d3cc042b8b4652
2014-01-14 21:26:26 [weipai] [INFO] [weipai.py:26] - start analysis video: 52bec6c0c58a873650af1338
2014-01-14 21:26:27 [weipai] [INFO] [weipai.py:26] - start analysis video: 52bea6795e8caa92298b45f7
2014-01-14 21:26:27 [weipai] [INFO] [weipai.py:26] - start analysis video: 52c9ba39ebeddb63318b45c8
2014-01-14 21:26:27 [weipai] [INFO] [weipai.py:26] - start analysis video: 52c803c377d3cc9d7b8b4593
2014-01-14 21:26:27 [weipai] [INFO] [weipai.py:26] - start analysis video: 52c7e0c7ebeddb9d6a8b45e3
2014-01-14 21:26:27 [weipai] [INFO] [weipai.py:26] - start analysis video: 52be7c55ebeddbc5278b45fd
2014-01-14 21:26:27 [weipai] [INFO] [weipai.py:26] - start analysis video: 52bd3836e34167df6d8b471e
2014-01-14 21:26:27 [weipai] [INFO] [weipai.py:26] - start analysis video: 52ca83c3e3416742158b4697
2014-01-14 21:26:27 [weipai] [INFO] [weipai.py:26] - start analysis video: 52c8e85079d3cc8e1e8b459d
2014-01-14 21:26:27 [weipai] [INFO] [weipai.py:26] - start analysis video: 52c95dc1c58a87073e7659cc
2014-01-14 21:26:27 [weipai] [INFO] [weipai.py:26] - start analysis video: 52bf00de9d67d9da308b457d
2014-01-14 21:26:27 [weipai] [INFO] [weipai.py:81] - end analysis page: 13
2014-01-14 21:26:27 [weipai] [INFO] [weipai.py:63] - start analysis page: 14
2014-01-14 21:26:28 [weipai] [INFO] [weipai.py:26] - start analysis video: 52c53a8278d3cc20068b4572
2014-01-14 21:26:28 [weipai] [INFO] [weipai.py:26] - start analysis video: 52bb6a61c58a87d546464b01
2014-01-14 21:26:28 [weipai] [INFO] [weipai.py:26] - start analysis video: 52bac95fe341676c368b4567
2014-01-14 21:26:28 [weipai] [INFO] [weipai.py:26] - start analysis video: 52c673efe34167c4788b45ad
2014-01-14 21:26:28 [weipai] [INFO] [weipai.py:26] - start analysis video: 52ba440a813494646db2d7ea
2014-01-14 21:26:28 [weipai] [INFO] [weipai.py:26] - start analysis video: 52c8edd479d3cc361f8b464e
2014-01-14 21:26:28 [weipai] [INFO] [weipai.py:26] - start analysis video: 52bfee85803494d86c64e55c
2014-01-14 21:26:29 [weipai] [INFO] [weipai.py:26] - start analysis video: 52cbaceee341679d0c8b4665
2014-01-14 21:26:29 [weipai] [INFO] [weipai.py:26] - start analysis video: 52c05d99e3416753368b4587
2014-01-14 21:26:29 [weipai] [INFO] [weipai.py:26] - start analysis video: 52c9611a79d3cc962e8b4586
2014-01-14 21:26:29 [weipai] [INFO] [weipai.py:26] - start analysis video: 52ab1602ebeddb3b4c8b4572
2014-01-14 21:26:29 [weipai] [INFO] [weipai.py:26] - start analysis video: 52c2bfb477d3cc312c8b45c3
2014-01-14 21:26:29 [weipai] [INFO] [weipai.py:26] - start analysis video: 52b9c2e59d67d93b5e8b4595
2014-01-14 21:26:29 [weipai] [INFO] [weipai.py:26] - start analysis video: 52c053f05e8caacf528b45a6
2014-01-14 21:26:29 [weipai] [INFO] [weipai.py:26] - start analysis video: 52c71bdde341676e498b45b5
2014-01-14 21:26:29 [weipai] [INFO] [weipai.py:81] - end analysis page: 14
2014-01-14 21:26:29 [weipai] [INFO] [weipai.py:63] - start analysis page: 15
2014-01-14 21:26:30 [weipai] [INFO] [weipai.py:26] - start analysis video: 52c5dc9278d3ccc51c8b46bd
2014-01-14 21:26:30 [weipai] [INFO] [weipai.py:26] - start analysis video: 52c6b63679d3cc7c3a8b45d0
2014-01-14 21:26:30 [weipai] [INFO] [weipai.py:26] - start analysis video: 52aea6e49f6c00ca5a756aeb
2014-01-14 21:26:30 [weipai] [INFO] [weipai.py:26] - start analysis video: 52c66d0878d3cc61328b459e
2014-01-14 21:26:30 [weipai] [INFO] [weipai.py:26] - start analysis video: 52bfedeea07f0352428b4603
2014-01-14 21:26:30 [weipai] [INFO] [weipai.py:26] - start analysis video: 52b92e0c504a13da518b457e
2014-01-14 21:26:30 [weipai] [INFO] [weipai.py:26] - start analysis video: 52c68829803494566a7cd348
2014-01-14 21:26:30 [weipai] [INFO] [weipai.py:26] - start analysis video: 52b2d3cd504a13fa078b4579
2014-01-14 21:26:30 [weipai] [INFO] [weipai.py:26] - start analysis video: 52c31b84ebeddbca4d8b4590
2014-01-14 21:26:31 [weipai] [INFO] [weipai.py:26] - start analysis video: 52cd405477d3ccdd4e8b457e
2014-01-14 21:26:31 [weipai] [INFO] [weipai.py:26] - start analysis video: 52b9b286ebeddb044b8b456a
2014-01-14 21:26:31 [weipai] [INFO] [weipai.py:26] - start analysis video: 52c8a60f78d3cca31a8b45a4
2014-01-14 21:26:31 [weipai] [INFO] [weipai.py:26] - start analysis video: 52ccf7c2e34167380d8b458d
2014-01-14 21:26:31 [weipai] [INFO] [weipai.py:26] - start analysis video: 52c57f55ebeddb8e138b45b7
2014-01-14 21:26:31 [weipai] [INFO] [weipai.py:26] - start analysis video: 52b42e4c7f349445463cbfa2
2014-01-14 21:26:31 [weipai] [INFO] [weipai.py:81] - end analysis page: 15
2014-01-14 21:26:31 [weipai] [INFO] [weipai.py:63] - start analysis page: 16
2014-01-14 21:26:32 [weipai] [INFO] [weipai.py:26] - start analysis video: 52c7c8b977d3ccc8748b46b7
2014-01-14 21:26:32 [weipai] [INFO] [weipai.py:26] - start analysis video: 52bc3d0c5e8caa7e7c8b4700
2014-01-14 21:26:32 [weipai] [INFO] [weipai.py:26] - start analysis video: 52cab60cc58a87b73f73d7f6
2014-01-14 21:26:32 [weipai] [INFO] [weipai.py:26] - start analysis video: 52cb9fde79d3cccb0a8b4655
2014-01-14 21:26:32 [weipai] [INFO] [weipai.py:26] - start analysis video: 52cad7c9813494570dc38131
2014-01-14 21:26:32 [weipai] [INFO] [weipai.py:26] - start analysis video: 52caee48e34167e24b8b459a
2014-01-14 21:26:32 [weipai] [INFO] [weipai.py:26] - start analysis video: 52cae568803494164d4e85bf
2014-01-14 21:26:33 [weipai] [INFO] [weipai.py:26] - start analysis video: 52c10b34ebeddbd5058b45cb
2014-01-14 21:26:33 [weipai] [INFO] [weipai.py:26] - start analysis video: 52b94292c58a87a471678669
2014-01-14 21:26:33 [weipai] [INFO] [weipai.py:26] - start analysis video: 52c2dac4c58a871a5e812f20
2014-01-14 21:26:33 [weipai] [INFO] [weipai.py:26] - start analysis video: 52bb27bd813494a30527e469
2014-01-14 21:26:33 [weipai] [INFO] [weipai.py:26] - start analysis video: 52bc4d6cc58a87da26835728
2014-01-14 21:26:34 [weipai] [INFO] [weipai.py:26] - start analysis video: 52c1ec4779d3cc9c0e8b4583
2014-01-14 21:26:34 [weipai] [INFO] [weipai.py:26] - start analysis video: 52be68be86f66f1a2f8b46da
2014-01-14 21:26:34 [weipai] [INFO] [weipai.py:26] - start analysis video: 52c2f75e77d3cc4d388b4575
2014-01-14 21:26:34 [weipai] [INFO] [weipai.py:81] - end analysis page: 16
2014-01-14 21:26:34 [weipai] [INFO] [weipai.py:63] - start analysis page: 17
2014-01-14 21:26:35 [weipai] [INFO] [weipai.py:26] - start analysis video: 52c2f75e77d3cc4d388b4575
2014-01-14 21:26:35 [weipai] [INFO] [weipai.py:26] - start analysis video: 52c3d2c379d3cc6d4f8b46a5
2014-01-14 21:26:35 [weipai] [INFO] [weipai.py:26] - start analysis video: 52b9b248813494e45c87425c
2014-01-14 21:26:35 [weipai] [INFO] [weipai.py:26] - start analysis video: 52c7932dc58a87fd33c65cbe
2014-01-14 21:26:35 [weipai] [INFO] [weipai.py:26] - start analysis video: 52c2e9f877d3cc93348b46b4
2014-01-14 21:26:35 [weipai] [INFO] [weipai.py:26] - start analysis video: 52c2fb1aebeddb91478b45c1
2014-01-14 21:26:35 [weipai] [INFO] [weipai.py:26] - start analysis video: 52c2b924c58a87377ab996bf
2014-01-14 21:26:36 [weipai] [INFO] [weipai.py:26] - start analysis video: 52c44cbe8134949005e06c2c
2014-01-14 21:26:36 [weipai] [INFO] [weipai.py:26] - start analysis video: 52c3f4dc81349460695b81fe
2014-01-14 21:26:36 [weipai] [INFO] [weipai.py:26] - start analysis video: 52b103a6504a132e4f8b4574
2014-01-14 21:26:36 [weipai] [INFO] [weipai.py:26] - start analysis video: 52af3bd15e7febad5c8b45a2
2014-01-14 21:26:36 [weipai] [INFO] [weipai.py:26] - start analysis video: 52bc476ef0a6c2207d8b4752
2014-01-14 21:26:36 [weipai] [INFO] [weipai.py:26] - start analysis video: 52c00e5ba07f03db438b45c2
2014-01-14 21:26:36 [weipai] [INFO] [weipai.py:26] - start analysis video: 52c2d61579d3cc222a8b4634
2014-01-14 21:26:36 [weipai] [INFO] [weipai.py:26] - start analysis video: 52cacff977d3cced728b45d9
2014-01-14 21:26:36 [weipai] [INFO] [weipai.py:81] - end analysis page: 17
2014-01-14 21:26:36 [weipai] [INFO] [weipai.py:63] - start analysis page: 18
2014-01-14 21:26:37 [weipai] [INFO] [weipai.py:26] - start analysis video: 52c6aa0a79d3cc45388b457e
2014-01-14 21:26:37 [weipai] [INFO] [weipai.py:26] - start analysis video: 52c29d0c77d3cc29288b4642
2014-01-14 21:26:37 [weipai] [INFO] [weipai.py:26] - start analysis video: 52a9bd557f34940125019b01
2014-01-14 21:26:37 [weipai] [INFO] [weipai.py:26] - start analysis video: 52ccfb5eebeddbaa1e8b4654
2014-01-14 21:26:37 [weipai] [INFO] [weipai.py:26] - start analysis video: 52c02801a07f0390458b45c0
2014-01-14 21:26:37 [weipai] [INFO] [weipai.py:26] - start analysis video: 52cced1e77d3ccac458b458c
2014-01-14 21:26:37 [weipai] [INFO] [weipai.py:26] - start analysis video: 52c4a5a077d3cc43778b457b
2014-01-14 21:26:38 [weipai] [INFO] [weipai.py:26] - start analysis video: 52c3765d813494617a1d1267
2014-01-14 21:26:38 [weipai] [INFO] [weipai.py:26] - start analysis video: 52b271ffebeddbd74e8b4570
2014-01-14 21:26:38 [weipai] [INFO] [weipai.py:26] - start analysis video: 52cbefffebeddba6768b4662
2014-01-14 21:26:38 [weipai] [INFO] [weipai.py:26] - start analysis video: 52b4253a803494e420215546
2014-01-14 21:26:38 [weipai] [INFO] [weipai.py:26] - start analysis video: 52bdd501e341679e338b4690
2014-01-14 21:26:38 [weipai] [INFO] [weipai.py:26] - start analysis video: 52b9aafe5e8caa88548b4590
2014-01-14 21:26:38 [weipai] [INFO] [weipai.py:26] - start analysis video: 52cc711479d3cc43318b4633
2014-01-14 21:26:38 [weipai] [INFO] [weipai.py:26] - start analysis video: 52c3b9ae77d3cc3c528b4631
2014-01-14 21:26:38 [weipai] [INFO] [weipai.py:81] - end analysis page: 18
2014-01-14 21:26:38 [weipai] [INFO] [weipai.py:63] - start analysis page: 19
2014-01-14 21:26:39 [weipai] [INFO] [weipai.py:26] - start analysis video: 52c1345de34167ac028b45c6
2014-01-14 21:26:39 [weipai] [INFO] [weipai.py:26] - start analysis video: 52c8301877d3cc94098b466e
2014-01-14 21:26:39 [weipai] [INFO] [weipai.py:26] - start analysis video: 52c644e479d3cc16268b45f4
2014-01-14 21:26:46 [weipai] [INFO] [weipai.py:26] - start analysis video: 52cbede078d3cc05198b465b
2014-01-14 21:26:46 [weipai] [INFO] [weipai.py:26] - start analysis video: 52cbd4e2ebeddb2c748b46a2
2014-01-14 21:26:47 [weipai] [INFO] [weipai.py:26] - start analysis video: 52c791df8034941b6c40f233
2014-01-14 21:26:47 [weipai] [INFO] [weipai.py:26] - start analysis video: 52c72e3b77d3cc285f8b4576
2014-01-14 21:26:47 [weipai] [INFO] [weipai.py:26] - start analysis video: 52c54f1779d3ccd1048b456d
2014-01-14 21:26:48 [weipai] [INFO] [weipai.py:26] - start analysis video: 52c663dc77d3cca7318b4584
2014-01-14 21:26:48 [weipai] [INFO] [weipai.py:26] - start analysis video: 52b82bddc58a87c379daed2f
2014-01-14 21:26:48 [weipai] [INFO] [weipai.py:26] - start analysis video: 52bb129ea07f03864b8b4598
2014-01-14 21:26:48 [weipai] [INFO] [weipai.py:26] - start analysis video: 52b2a2e8504a13ac398b4573
2014-01-14 21:26:48 [weipai] [INFO] [weipai.py:26] - start analysis video: 529ef0175e7febed5f8b4580
2014-01-14 21:26:49 [weipai] [INFO] [weipai.py:26] - start analysis video: 52c310d9c58a877229ef268c
2014-01-14 21:26:49 [weipai] [INFO] [weipai.py:26] - start analysis video: 52b5bddc8134945101146b0f
2014-01-14 21:26:49 [weipai] [INFO] [weipai.py:81] - end analysis page: 19
2014-01-14 21:26:49 [weipai] [INFO] [weipai.py:63] - start analysis page: 20
2014-01-14 21:26:50 [weipai] [INFO] [weipai.py:26] - start analysis video: 52b6f47febeddbde498b4665
2014-01-14 21:26:50 [weipai] [INFO] [weipai.py:26] - start analysis video: 52c282b4c58a877b65a1519f
2014-01-14 21:26:50 [weipai] [INFO] [weipai.py:26] - start analysis video: 52b17ece504a13b3678b457a
2014-01-14 21:26:50 [weipai] [INFO] [weipai.py:26] - start analysis video: 52c786dd77d3cc2d6b8b45e9
2014-01-14 21:26:50 [weipai] [INFO] [weipai.py:26] - start analysis video: 52c56fc879d3ccb00a8b4588
2014-01-14 21:26:50 [weipai] [INFO] [weipai.py:26] - start analysis video: 52ba99acc58a87ce37a547cd
2014-01-14 21:26:50 [weipai] [INFO] [weipai.py:26] - start analysis video: 52bd6815f0a6c215108b4677
2014-01-14 21:26:50 [weipai] [INFO] [weipai.py:26] - start analysis video: 52b9a6d586f66f6e598b4595
2014-01-14 21:26:53 [weipai] [INFO] [weipai.py:26] - start analysis video: 52c4000478d3ccca568b4667
2014-01-14 21:26:54 [weipai] [INFO] [weipai.py:26] - start analysis video: 52bb27729d67d9174e8b46c3
2014-01-14 21:26:54 [weipai] [INFO] [weipai.py:26] - start analysis video: 52bed860ebeddb9f338b4568
2014-01-14 21:26:54 [weipai] [INFO] [weipai.py:26] - start analysis video: 52c68db0e341673e048b4575
2014-01-14 21:26:54 [weipai] [INFO] [weipai.py:26] - start analysis video: 52b9025a9f6c00a307b58693
2014-01-14 21:26:54 [weipai] [INFO] [weipai.py:26] - start analysis video: 52a839525e7febcc1b8b4592
2014-01-14 21:26:54 [weipai] [INFO] [weipai.py:26] - start analysis video: 52a087ae504a130a468b4587
2014-01-14 21:26:54 [weipai] [INFO] [weipai.py:81] - end analysis page: 20
2014-01-14 21:26:54 [weipai] [INFO] [weipai.py:63] - start analysis page: 21
2014-01-14 21:26:55 [weipai] [INFO] [weipai.py:26] - start analysis video: 52b277acebeddb7d548b4592
2014-01-14 21:26:55 [weipai] [INFO] [weipai.py:26] - start analysis video: 52c834e878d3cc2b0a8b4575
2014-01-14 21:26:55 [weipai] [INFO] [weipai.py:26] - start analysis video: 52c80ea8ebeddb926f8b45c7
2014-01-14 21:26:55 [weipai] [INFO] [weipai.py:26] - start analysis video: 52a7ee8ac58a878e01b545c2
2014-01-14 21:26:55 [weipai] [INFO] [weipai.py:26] - start analysis video: 52c57c6a79d3cce00c8b458b
2014-01-14 21:26:55 [weipai] [INFO] [weipai.py:26] - start analysis video: 52b9f64f803494443eb1b1be
2014-01-14 21:26:55 [weipai] [INFO] [weipai.py:26] - start analysis video: 52c107fe9d67d9a55b8b4613
2014-01-14 21:26:55 [weipai] [INFO] [weipai.py:26] - start analysis video: 52ac364e8034941e5d5bc172
2014-01-14 21:26:55 [weipai] [INFO] [weipai.py:26] - start analysis video: 52c3be3c78d3cc28508b456a
2014-01-14 21:26:55 [weipai] [INFO] [weipai.py:26] - start analysis video: 52c14f748134944408608854
2014-01-14 21:26:56 [weipai] [INFO] [weipai.py:26] - start analysis video: 52b7fdb85e8caab9738b47c4
2014-01-14 21:26:56 [weipai] [INFO] [weipai.py:26] - start analysis video: 52c3c847e34167387a8b45f4
2014-01-14 21:26:56 [weipai] [INFO] [weipai.py:26] - start analysis video: 52a600fe8034947b1ceb681b
2014-01-14 21:26:56 [weipai] [INFO] [weipai.py:26] - start analysis video: 52baec30e3416735608b459a
2014-01-14 21:26:56 [weipai] [INFO] [weipai.py:26] - start analysis video: 52c04b308034944b14bae11f
2014-01-14 21:26:56 [weipai] [INFO] [weipai.py:81] - end analysis page: 21
2014-01-14 21:26:56 [weipai] [INFO] [weipai.py:63] - start analysis page: 22
2014-01-14 21:26:56 [weipai] [INFO] [weipai.py:26] - start analysis video: 52c04b308034944b14bae11f
2014-01-14 21:26:56 [weipai] [INFO] [weipai.py:26] - start analysis video: 52ad27eeebeddbdf3a8b4590
2014-01-14 21:26:57 [weipai] [INFO] [weipai.py:26] - start analysis video: 52bf3875c58a874421436520
2014-01-14 21:26:57 [weipai] [INFO] [weipai.py:26] - start analysis video: 52bc8c1dc58a8717556ceee3
2014-01-14 21:26:57 [weipai] [INFO] [weipai.py:26] - start analysis video: 52b80f489d67d9a7758b4607
2014-01-14 21:26:57 [weipai] [INFO] [weipai.py:26] - start analysis video: 528e5f5f504a13500b8b4571
2014-01-14 21:26:57 [weipai] [INFO] [weipai.py:26] - start analysis video: 52bd879de34167e5108b45c7
2014-01-14 21:26:57 [weipai] [INFO] [weipai.py:26] - start analysis video: 52b5fdde813494510140e99e
2014-01-14 21:26:57 [weipai] [INFO] [weipai.py:26] - start analysis video: 52b29b879f6c00b63eb4da52
2014-01-14 21:26:57 [weipai] [INFO] [weipai.py:26] - start analysis video: 52c0d12da07f03c4558b4597
2014-01-14 21:26:57 [weipai] [INFO] [weipai.py:26] - start analysis video: 52c8d565ebeddbcd0f8b45bd
2014-01-14 21:26:58 [weipai] [INFO] [weipai.py:26] - start analysis video: 52b157df5e7feb2b3b8b458d
2014-01-14 21:26:58 [weipai] [INFO] [weipai.py:26] - start analysis video: 52a492a5813494953e6f4aa8
2014-01-14 21:26:58 [weipai] [INFO] [weipai.py:26] - start analysis video: 52c7e0f279d3ccd2708b4762
2014-01-14 21:26:58 [weipai] [INFO] [weipai.py:26] - start analysis video: 52a56d0cc58a87881cbda500
2014-01-14 21:26:58 [weipai] [INFO] [weipai.py:81] - end analysis page: 22
2014-01-14 21:26:58 [weipai] [INFO] [weipai.py:63] - start analysis page: 23
2014-01-14 21:26:58 [weipai] [INFO] [weipai.py:26] - start analysis video: 52c41eaf803494cd6fe07369
2014-01-14 21:26:58 [weipai] [INFO] [weipai.py:26] - start analysis video: 52c1b1c477d3cc4f668b459d
2014-01-14 21:26:59 [weipai] [INFO] [weipai.py:26] - start analysis video: 52a0ec84c58a878b49f275ad
2014-01-14 21:26:59 [weipai] [INFO] [weipai.py:26] - start analysis video: 52c2e059e341674d248b4618
2014-01-14 21:26:59 [weipai] [INFO] [weipai.py:26] - start analysis video: 52c2cade79d3cc8c288b4587
2014-01-14 21:26:59 [weipai] [INFO] [weipai.py:26] - start analysis video: 52ac840dc58a87be72fcf36a
2014-01-14 21:27:00 [weipai] [INFO] [weipai.py:26] - start analysis video: 529fc213c58a878321b31a7b
2014-01-14 21:27:00 [weipai] [INFO] [weipai.py:26] - start analysis video: 52c05f9ee3416705378b4573
2014-01-14 21:27:00 [weipai] [INFO] [weipai.py:26] - start analysis video: 52acbd42803494f26736cede
2014-01-14 21:27:00 [weipai] [INFO] [weipai.py:26] - start analysis video: 52bee41c9d67d95c2c8b45fc
2014-01-14 21:27:00 [weipai] [INFO] [weipai.py:26] - start analysis video: 52837c8b504a13b50d8b4567
2014-01-14 21:27:00 [weipai] [INFO] [weipai.py:26] - start analysis video: 52b09b14ebeddb580a8b4568
2014-01-14 21:27:00 [weipai] [INFO] [weipai.py:26] - start analysis video: 52c912a2ebeddb0d168b45c0
2014-01-14 21:27:00 [weipai] [INFO] [weipai.py:26] - start analysis video: 52a5b0a9803494932bd57bc9
2014-01-14 21:27:00 [weipai] [INFO] [weipai.py:26] - start analysis video: 52c6b5df78d3cc053f8b45a3
2014-01-14 21:27:00 [weipai] [INFO] [weipai.py:81] - end analysis page: 23
2014-01-14 21:27:00 [weipai] [INFO] [weipai.py:63] - start analysis page: 24
2014-01-14 21:27:02 [weipai] [INFO] [weipai.py:26] - start analysis video: 52c15c468034946d6429d4b4
2014-01-14 21:27:02 [weipai] [INFO] [weipai.py:26] - start analysis video: 52a31eec7f34942d28b69ed8
2014-01-14 21:27:02 [weipai] [INFO] [weipai.py:26] - start analysis video: 52a7991b504a137b428b456d
2014-01-14 21:27:02 [weipai] [INFO] [weipai.py:26] - start analysis video: 52a29b07504a13af5b8b45d4
2014-01-14 21:27:02 [weipai] [INFO] [weipai.py:26] - start analysis video: 52c1a31977d3ccf6628b4632
2014-01-14 21:27:02 [weipai] [INFO] [weipai.py:26] - start analysis video: 52b91d2086f66f2d408b458e
2014-01-14 21:27:05 [weipai] [INFO] [weipai.py:26] - start analysis video: 52bad70a9d67d905408b457f
2014-01-14 21:27:09 [weipai] [INFO] [weipai.py:26] - start analysis video: 52c2be4579d3ccb4268b4591
2014-01-14 21:27:09 [weipai] [INFO] [weipai.py:26] - start analysis video: 52b6d7c3ebeddbc6448b46fa
2014-01-14 21:27:09 [weipai] [INFO] [weipai.py:26] - start analysis video: 52bdabf6ebeddbe50b8b4621
2014-01-14 21:27:09 [weipai] [INFO] [weipai.py:26] - start analysis video: 52afe1be504a131d658b4578
2014-01-14 21:27:09 [weipai] [INFO] [weipai.py:26] - start analysis video: 52a5ccf37f3494f813d2dda6
2014-01-14 21:27:09 [weipai] [INFO] [weipai.py:26] - start analysis video: 52b2992b5e7feb17528b45a4
2014-01-14 21:27:10 [weipai] [INFO] [weipai.py:26] - start analysis video: 52c2fc4c79d3cc5b348b4595
2014-01-14 21:27:10 [weipai] [INFO] [weipai.py:26] - start analysis video: 52c2d19b79d3cc99298b4569
2014-01-14 21:27:10 [weipai] [INFO] [weipai.py:81] - end analysis page: 24
2014-01-14 21:27:10 [weipai] [INFO] [weipai.py:63] - start analysis page: 25
2014-01-14 21:27:10 [weipai] [INFO] [weipai.py:26] - start analysis video: 52c2d19b79d3cc99298b4569
2014-01-14 21:27:10 [weipai] [INFO] [weipai.py:26] - start analysis video: 52c2c544e34167f8188b45d8
2014-01-14 21:27:11 [weipai] [INFO] [weipai.py:26] - start analysis video: 52c784dec58a87a502db4bcf
2014-01-14 21:27:11 [weipai] [INFO] [weipai.py:26] - start analysis video: 52bd86e686f66f0b1d8b46bb
2014-01-14 21:27:11 [weipai] [INFO] [weipai.py:26] - start analysis video: 52c7d854c58a87c46875a9a2
2014-01-14 21:27:11 [weipai] [INFO] [weipai.py:26] - start analysis video: 52c25f8aebeddb02328b464e
2014-01-14 21:27:11 [weipai] [INFO] [weipai.py:26] - start analysis video: 52c42e5fe341673c218b4684
2014-01-14 21:27:11 [weipai] [INFO] [weipai.py:26] - start analysis video: 52c61175c58a879a29456479
2014-01-14 21:27:11 [weipai] [INFO] [weipai.py:26] - start analysis video: 52a9e78a504a138e3f8b45b0
2014-01-14 21:27:11 [weipai] [INFO] [weipai.py:26] - start analysis video: 52c32d75e3416730458b45c6
2014-01-14 21:27:11 [weipai] [INFO] [weipai.py:26] - start analysis video: 52c01867ebeddb06638b468e
2014-01-14 21:27:11 [weipai] [INFO] [weipai.py:26] - start analysis video: 52b9bc588134942b063fba0d
2014-01-14 21:27:11 [weipai] [INFO] [weipai.py:26] - start analysis video: 52a870adebeddbb56f8b459c
2014-01-14 21:27:12 [weipai] [INFO] [weipai.py:26] - start analysis video: 52c04886c58a87c125020ad9
2014-01-14 21:27:12 [weipai] [INFO] [weipai.py:26] - start analysis video: 52b9603386f66fae468b4567
2014-01-14 21:27:12 [weipai] [INFO] [weipai.py:81] - end analysis page: 25
2014-01-14 21:27:12 [weipai] [INFO] [weipai.py:63] - start analysis page: 26
2014-01-14 21:27:17 [weipai] [INFO] [weipai.py:26] - start analysis video: 52be5a6c5e8caaaf258b4624
2014-01-14 21:27:18 [weipai] [INFO] [weipai.py:26] - start analysis video: 52bd9dbb86f66fd81e8b4601
2014-01-14 21:27:18 [weipai] [INFO] [weipai.py:26] - start analysis video: 52b4509c803494cb5a237096
2014-01-14 21:27:18 [weipai] [INFO] [weipai.py:26] - start analysis video: 52ab0954ebeddbc33e8b4567
2014-01-14 21:27:18 [weipai] [INFO] [weipai.py:26] - start analysis video: 52b69071c58a87450b66b86e
2014-01-14 21:27:18 [weipai] [INFO] [weipai.py:26] - start analysis video: 52c3027d79d3cc0e368b4658
2014-01-14 21:27:19 [weipai] [INFO] [weipai.py:26] - start analysis video: 52bf2e93c58a87af5dfa1e88
2014-01-14 21:27:19 [weipai] [INFO] [weipai.py:26] - start analysis video: 52c10514e34167c16e8b45db
2014-01-14 21:27:19 [weipai] [INFO] [weipai.py:26] - start analysis video: 52c3a0a2813494d71f9fd7c3
2014-01-14 21:27:19 [weipai] [INFO] [weipai.py:26] - start analysis video: 52b9574d813494be37abb411
2014-01-14 21:27:19 [weipai] [INFO] [weipai.py:26] - start analysis video: 52b45029ebeddb770b8b45f1
2014-01-14 21:27:19 [weipai] [INFO] [weipai.py:26] - start analysis video: 52bd564fa07f033c0c8b45b0
2014-01-14 21:27:19 [weipai] [INFO] [weipai.py:26] - start analysis video: 52c3cd0f813494b04ce4ac60
2014-01-14 21:27:20 [weipai] [INFO] [weipai.py:26] - start analysis video: 52c1afe177d3ccdb658b460b
2014-01-14 21:27:20 [weipai] [INFO] [weipai.py:26] - start analysis video: 52b83195e3416796228b4581
2014-01-14 21:27:20 [weipai] [INFO] [weipai.py:81] - end analysis page: 26
2014-01-14 21:27:20 [weipai] [INFO] [weipai.py:63] - start analysis page: 27
2014-01-14 21:27:20 [weipai] [INFO] [weipai.py:26] - start analysis video: 52bc8774e34167712d8b462c
2014-01-14 21:27:20 [weipai] [INFO] [weipai.py:26] - start analysis video: 52c5914bc58a877705b387b2
2014-01-14 21:27:20 [weipai] [INFO] [weipai.py:26] - start analysis video: 52c19c54c58a879c05cf3350
2014-01-14 21:27:21 [weipai] [INFO] [weipai.py:26] - start analysis video: 52c67b6577d3cc49368b461c
2014-01-14 21:27:21 [weipai] [INFO] [weipai.py:26] - start analysis video: 52b057ca504a1355138b4574
2014-01-14 21:27:21 [weipai] [INFO] [weipai.py:26] - start analysis video: 52c2c3cd813494012c514df0
2014-01-14 21:27:21 [weipai] [INFO] [weipai.py:26] - start analysis video: 52994f4b504a134c538b456f
2014-01-14 21:27:21 [weipai] [INFO] [weipai.py:26] - start analysis video: 52adfb1dc58a87bb1befd65a
2014-01-14 21:27:21 [weipai] [INFO] [weipai.py:26] - start analysis video: 5264e5319f6c003c11d525b7
2014-01-14 21:27:21 [weipai] [INFO] [weipai.py:26] - start analysis video: 52b5833cebeddb50318b4881
2014-01-14 21:27:21 [weipai] [INFO] [weipai.py:26] - start analysis video: 52a8c5ccebeddbca588b459b
2014-01-14 21:27:21 [weipai] [INFO] [weipai.py:26] - start analysis video: 52a81296504a13e41b8b4599
2014-01-14 21:27:21 [weipai] [INFO] [weipai.py:26] - start analysis video: 52c12fc286f66fc96b8b4613
2014-01-14 21:27:21 [weipai] [INFO] [weipai.py:26] - start analysis video: 52a41516504a132f238b45de
2014-01-14 21:27:21 [weipai] [INFO] [weipai.py:26] - start analysis video: 52b96678e34167fa148b4567
2014-01-14 21:27:22 [weipai] [INFO] [weipai.py:81] - end analysis page: 27
2014-01-14 21:27:22 [weipai] [INFO] [weipai.py:63] - start analysis page: 28
2014-01-14 21:27:22 [weipai] [INFO] [weipai.py:26] - start analysis video: 52be44b0ebeddb20218b4576
2014-01-14 21:27:22 [weipai] [INFO] [weipai.py:26] - start analysis video: 52a737145e7feb155a8b45ab
2014-01-14 21:27:23 [weipai] [INFO] [weipai.py:26] - start analysis video: 52a38347c58a87bf679332e4
2014-01-14 21:27:23 [weipai] [INFO] [weipai.py:26] - start analysis video: 52a9dcaf7f3494a142523ffa
2014-01-14 21:27:23 [weipai] [INFO] [weipai.py:26] - start analysis video: 52b9829ec58a87ad018511b0
2014-01-14 21:27:23 [weipai] [INFO] [weipai.py:26] - start analysis video: 52bfdfa9a07f0344418b470e
2014-01-14 21:27:23 [weipai] [INFO] [weipai.py:26] - start analysis video: 52a49ce7c58a87c3648c26b7
2014-01-14 21:27:23 [weipai] [INFO] [weipai.py:26] - start analysis video: 52b593428134944f7aeda759
2014-01-14 21:27:23 [weipai] [INFO] [weipai.py:26] - start analysis video: 52c81a2278d3cc6e7f8b45b9
2014-01-14 21:27:23 [weipai] [INFO] [weipai.py:26] - start analysis video: 529e013dc58a87bb54ac5911
2014-01-14 21:27:23 [weipai] [INFO] [weipai.py:26] - start analysis video: 52bda49ae34167901d8b45a1
2014-01-14 21:27:24 [weipai] [INFO] [weipai.py:26] - start analysis video: 52b9887cc58a8731185f021b
2014-01-14 21:27:24 [weipai] [INFO] [weipai.py:26] - start analysis video: 52b32819ebeddb6a1a8b4568
2014-01-14 21:27:24 [weipai] [INFO] [weipai.py:26] - start analysis video: 52c82b2077d3ccc6078b460b
2014-01-14 21:27:24 [weipai] [INFO] [weipai.py:26] - start analysis video: 52c37edac58a8747278a6768
2014-01-14 21:27:24 [weipai] [INFO] [weipai.py:81] - end analysis page: 28
2014-01-14 21:27:24 [weipai] [INFO] [weipai.py:63] - start analysis page: 29
2014-01-14 21:27:25 [weipai] [INFO] [weipai.py:26] - start analysis video: 52b9a01de34167ed3e8b4568
2014-01-14 21:27:25 [weipai] [INFO] [weipai.py:26] - start analysis video: 528cb784504a13b83c8b4569
2014-01-14 21:27:25 [weipai] [INFO] [weipai.py:26] - start analysis video: 52a868588134945c47402f55
2014-01-14 21:27:25 [weipai] [INFO] [weipai.py:26] - start analysis video: 52b9a8d8a07f03e3548b4568
2014-01-14 21:27:25 [weipai] [INFO] [weipai.py:26] - start analysis video: 52c488eec58a87043492e46a
2014-01-14 21:27:25 [weipai] [INFO] [weipai.py:26] - start analysis video: 52c82cbbc58a872004ec7196
2014-01-14 21:27:25 [weipai] [INFO] [weipai.py:26] - start analysis video: 52bfe614c58a87e72db27238
2014-01-14 21:27:25 [weipai] [INFO] [weipai.py:26] - start analysis video: 52a13931c58a876a36ca1d64
2014-01-14 21:27:25 [weipai] [INFO] [weipai.py:26] - start analysis video: 52c440be78d3cc93678b45c5
2014-01-14 21:27:25 [weipai] [INFO] [weipai.py:26] - start analysis video: 52a71ecb7f3494f10f682f18
2014-01-14 21:27:25 [weipai] [INFO] [weipai.py:26] - start analysis video: 52c6587e79d3cc58298b462a
2014-01-14 21:27:26 [weipai] [INFO] [weipai.py:26] - start analysis video: 52bbe25de34167c62f8b457d
2014-01-14 21:27:26 [weipai] [INFO] [weipai.py:26] - start analysis video: 52c4004fe341673c0e8b45cc
2014-01-14 21:27:26 [weipai] [INFO] [weipai.py:26] - start analysis video: 52c23476813494b5289f0a86
2014-01-14 21:27:26 [weipai] [INFO] [weipai.py:26] - start analysis video: 52c4dc88c58a87bb770d487e
2014-01-14 21:27:26 [weipai] [INFO] [weipai.py:81] - end analysis page: 29
2014-01-14 21:27:26 [weipai] [INFO] [weipai.py:63] - start analysis page: 30
2014-01-14 21:27:26 [weipai] [INFO] [weipai.py:26] - start analysis video: 52c4dc88c58a87bb770d487e
2014-01-14 21:27:26 [weipai] [INFO] [weipai.py:26] - start analysis video: 5292293a7f3494eb0901746c
2014-01-14 21:27:26 [weipai] [INFO] [weipai.py:26] - start analysis video: 52b44d50803494ec53f3a46a
2014-01-14 21:27:27 [weipai] [INFO] [weipai.py:26] - start analysis video: 529f2298504a134a128b459a
2014-01-14 21:27:27 [weipai] [INFO] [weipai.py:26] - start analysis video: 527e29ecc58a8700323a7cf7
2014-01-14 21:27:27 [weipai] [INFO] [weipai.py:26] - start analysis video: 52baa597a07f0301198b4568
2014-01-14 21:27:27 [weipai] [INFO] [weipai.py:26] - start analysis video: 52a3f4935e7feba2328b4658
2014-01-14 21:27:27 [weipai] [INFO] [weipai.py:26] - start analysis video: 52b3fb16504a13b3578b4576
2014-01-14 21:27:27 [weipai] [INFO] [weipai.py:26] - start analysis video: 52a948c8ebeddb2c6f8b459c
2014-01-14 21:27:27 [weipai] [INFO] [weipai.py:26] - start analysis video: 52b8555586f66fb0058b4585
2014-01-14 21:27:27 [weipai] [INFO] [weipai.py:26] - start analysis video: 52c35b9b80349486371aeff2
2014-01-14 21:27:27 [weipai] [INFO] [weipai.py:26] - start analysis video: 52c0f1e586f66f9d668b45af
2014-01-14 21:27:27 [weipai] [INFO] [weipai.py:26] - start analysis video: 52c158fd813494a10fb222c2
2014-01-14 21:27:27 [weipai] [INFO] [weipai.py:26] - start analysis video: 52b6edabc58a87fa3186f484
2014-01-14 21:27:27 [weipai] [INFO] [weipai.py:26] - start analysis video: 52bfd9bfebeddbb05c8b4586
2014-01-14 21:27:28 [weipai] [INFO] [weipai.py:81] - end analysis page: 30
2014-01-14 21:27:28 [weipai] [INFO] [weipai.py:63] - start analysis page: 31
2014-01-14 21:27:28 [weipai] [INFO] [weipai.py:26] - start analysis video: 5274b7d97f3494687f9477c2
2014-01-14 21:27:28 [weipai] [INFO] [weipai.py:26] - start analysis video: 52bba19bebeddbb60a8b4617
2014-01-14 21:27:28 [weipai] [INFO] [weipai.py:26] - start analysis video: 525b885ec58a87c412e7f671
2014-01-14 21:27:28 [weipai] [INFO] [weipai.py:26] - start analysis video: 52bd85e0e3416726108b463e
2014-01-14 21:27:29 [weipai] [INFO] [weipai.py:26] - start analysis video: 52bd1d169d67d9a0078b45c3
2014-01-14 21:27:29 [weipai] [INFO] [weipai.py:26] - start analysis video: 52a835ef7f34946b465cc437
2014-01-14 21:27:29 [weipai] [INFO] [weipai.py:26] - start analysis video: 52bfed9ec58a8752465df276
2014-01-14 21:27:29 [weipai] [INFO] [weipai.py:26] - start analysis video: 529e0a90504a13eb668b4568
2014-01-14 21:27:29 [weipai] [INFO] [weipai.py:26] - start analysis video: 52a447139f6c00f05a447cc3
2014-01-14 21:27:29 [weipai] [INFO] [weipai.py:26] - start analysis video: 52beba69f0a6c234298b467a
2014-01-14 21:27:29 [weipai] [INFO] [weipai.py:26] - start analysis video: 529de83e5e7feb30408b4586
2014-01-14 21:27:29 [weipai] [INFO] [weipai.py:26] - start analysis video: 52b18b85504a136a778b456a
2014-01-14 21:27:29 [weipai] [INFO] [weipai.py:26] - start analysis video: 52c25d41ebeddbfc318b458e
2014-01-14 21:27:30 [weipai] [INFO] [weipai.py:26] - start analysis video: 52aa9a24ebeddb754e8b456b
2014-01-14 21:27:30 [weipai] [INFO] [weipai.py:26] - start analysis video: 52b3ecfd7f349421699c4aa2
2014-01-14 21:27:30 [weipai] [INFO] [weipai.py:81] - end analysis page: 31
2014-01-14 21:27:30 [weipai] [INFO] [weipai.py:63] - start analysis page: 32
2014-01-14 21:27:31 [weipai] [INFO] [weipai.py:26] - start analysis video: 529c3b71504a13cc128b45d0
2014-01-14 21:27:31 [weipai] [INFO] [weipai.py:26] - start analysis video: 52b986ed504a1389358b45cb
2014-01-14 21:27:31 [weipai] [INFO] [weipai.py:26] - start analysis video: 52c1badcebeddb21248b45ab
2014-01-14 21:27:31 [weipai] [INFO] [weipai.py:26] - start analysis video: 52c14ab98134945d083eafee
2014-01-14 21:27:31 [weipai] [INFO] [weipai.py:26] - start analysis video: 52badf6bebeddbc1788b4587
2014-01-14 21:27:31 [weipai] [INFO] [weipai.py:26] - start analysis video: 52bffa909d67d971458b45a0
2014-01-14 21:27:31 [weipai] [INFO] [weipai.py:26] - start analysis video: 52bdcc17c58a87cf06291005
2014-01-14 21:27:31 [weipai] [INFO] [weipai.py:26] - start analysis video: 52af17b7504a1337118b458c
2014-01-14 21:27:31 [weipai] [INFO] [weipai.py:26] - start analysis video: 5297626cc58a873e0d17809b
2014-01-14 21:27:31 [weipai] [INFO] [weipai.py:26] - start analysis video: 52bd1b97e34167d3628b45d1
2014-01-14 21:27:32 [weipai] [INFO] [weipai.py:26] - start analysis video: 524afb52803494945f0a4a73
2014-01-14 21:27:32 [weipai] [INFO] [weipai.py:26] - start analysis video: 52bc2ea8c58a87f62bdd371f
2014-01-14 21:27:32 [weipai] [INFO] [weipai.py:26] - start analysis video: 52bd85109d67d9da108b4586
2014-01-14 21:27:32 [weipai] [INFO] [weipai.py:26] - start analysis video: 529435168134949b4c8c1589
2014-01-14 21:27:32 [weipai] [INFO] [weipai.py:26] - start analysis video: 52af63d5504a13c1658b4577
2014-01-14 21:27:32 [weipai] [INFO] [weipai.py:81] - end analysis page: 32
2014-01-14 21:27:32 [weipai] [INFO] [weipai.py:63] - start analysis page: 33
2014-01-14 21:27:33 [weipai] [INFO] [weipai.py:26] - start analysis video: 52930d28803494e03fb620fe
2014-01-14 21:27:33 [weipai] [INFO] [weipai.py:26] - start analysis video: 52a8539a813494767def7b37
2014-01-14 21:27:34 [weipai] [INFO] [weipai.py:26] - start analysis video: 52c299ef78d3cc74258b45af
2014-01-14 21:27:34 [weipai] [INFO] [weipai.py:26] - start analysis video: 52b9814af0a6c24e488b45a7
2014-01-14 21:27:34 [weipai] [INFO] [weipai.py:26] - start analysis video: 5280c7d25e7feb5d708b4875
2014-01-14 21:27:35 [weipai] [INFO] [weipai.py:26] - start analysis video: 5274b430c58a879d41cc3a33
2014-01-14 21:27:35 [weipai] [INFO] [weipai.py:26] - start analysis video: 528b7526504a13985c8b45f8
2014-01-14 21:27:35 [weipai] [INFO] [weipai.py:26] - start analysis video: 52b8fc12ebeddbbb148b45ec
2014-01-14 21:27:35 [weipai] [INFO] [weipai.py:26] - start analysis video: 52bc5ed2a07f03a77a8b4589
2014-01-14 21:27:35 [weipai] [INFO] [weipai.py:26] - start analysis video: 52af2367803494524304e48b
2014-01-14 21:27:35 [weipai] [INFO] [weipai.py:26] - start analysis video: 5294a23a504a13d9518b4591
2014-01-14 21:27:35 [weipai] [INFO] [weipai.py:26] - start analysis video: 52810498504a1328798b6dbb
2014-01-14 21:27:36 [weipai] [INFO] [weipai.py:26] - start analysis video: 527a700fc58a8732710654f6
2014-01-14 21:27:37 [weipai] [INFO] [weipai.py:26] - start analysis video: 52b2b973504a13b2678b4589
2014-01-14 21:27:37 [weipai] [INFO] [weipai.py:26] - start analysis video: 52a05e3bc58a87e77694cf74
2014-01-14 21:27:37 [weipai] [INFO] [weipai.py:81] - end analysis page: 33
2014-01-14 21:27:37 [weipai] [INFO] [weipai.py:63] - start analysis page: 34
2014-01-14 21:27:38 [weipai] [INFO] [weipai.py:26] - start analysis video: 52b6ea1e5e7febf0728b470a
2014-01-14 21:27:39 [weipai] [INFO] [weipai.py:26] - start analysis video: 52bdd21bebeddb98138b464e
2014-01-14 21:27:39 [weipai] [INFO] [weipai.py:26] - start analysis video: 5291df16c58a872f3c539080
2014-01-14 21:27:39 [weipai] [INFO] [weipai.py:26] - start analysis video: 52a314689f6c009833e8dd2c
2014-01-14 21:27:39 [weipai] [INFO] [weipai.py:26] - start analysis video: 52c6b3ca78d3cca43e8b45ee
2014-01-14 21:27:40 [weipai] [INFO] [weipai.py:26] - start analysis video: 5290b369504a13501d8b457b
2014-01-14 21:27:40 [weipai] [INFO] [weipai.py:26] - start analysis video: 52bc3aecf0a6c2727c8b45e5
2014-01-14 21:27:40 [weipai] [INFO] [weipai.py:26] - start analysis video: 52c6ac74ebeddb33398b45aa
2014-01-14 21:27:40 [weipai] [INFO] [weipai.py:26] - start analysis video: 52c58dad78d3cc9f138b4690
2014-01-14 21:27:41 [weipai] [INFO] [weipai.py:26] - start analysis video: 52c663ece3416761718b45fa
2014-01-14 21:27:41 [weipai] [INFO] [weipai.py:26] - start analysis video: 52a9e9745e7feb11438b461e
2014-01-14 21:27:41 [weipai] [INFO] [weipai.py:26] - start analysis video: 52aadfc4504a13db228b4570
2014-01-14 21:27:41 [weipai] [INFO] [weipai.py:26] - start analysis video: 52c5b0fbc58a87b36d314c02
2014-01-14 21:28:02 [weipai] [ERROR] [weipai.py:48] - error during analysis video
Traceback (most recent call last):
  File "D:\Environment\Python33\lib\urllib\request.py", line 1248, in do_open
    h.request(req.get_method(), req.selector, req.data, headers)
  File "D:\Environment\Python33\lib\http\client.py", line 1061, in request
    self._send_request(method, url, body, headers)
  File "D:\Environment\Python33\lib\http\client.py", line 1099, in _send_request
    self.endheaders(body)
  File "D:\Environment\Python33\lib\http\client.py", line 1057, in endheaders
    self._send_output(message_body)
  File "D:\Environment\Python33\lib\http\client.py", line 902, in _send_output
    self.send(msg)
  File "D:\Environment\Python33\lib\http\client.py", line 840, in send
    self.connect()
  File "D:\Environment\Python33\lib\http\client.py", line 818, in connect
    self.timeout, self.source_address)
  File "D:\Environment\Python33\lib\socket.py", line 435, in create_connection
    raise err
  File "D:\Environment\Python33\lib\socket.py", line 426, in create_connection
    sock.connect(sa)
TimeoutError: [WinError 10060] 

During handling of the above exception, another exception occurred:

Traceback (most recent call last):
  File "C:\Users\RileyRen\Desktop\weipai\weipai.py", line 31, in analysis_video
    video_info = urllib.request.urlopen(WEIPAI_VIDEO_URL.format(video_id) + '?' + urllib.parse.urlencode(params)).read().decode()
  File "D:\Environment\Python33\lib\urllib\request.py", line 156, in urlopen
    return opener.open(url, data, timeout)
  File "D:\Environment\Python33\lib\urllib\request.py", line 469, in open
    response = self._open(req, data)
  File "D:\Environment\Python33\lib\urllib\request.py", line 487, in _open
    '_open', req)
  File "D:\Environment\Python33\lib\urllib\request.py", line 447, in _call_chain
    result = func(*args)
  File "D:\Environment\Python33\lib\urllib\request.py", line 1268, in http_open
    return self.do_open(http.client.HTTPConnection, req)
  File "D:\Environment\Python33\lib\urllib\request.py", line 1251, in do_open
    raise URLError(err)
urllib.error.URLError: <urlopen error [WinError 10060] >
2014-01-14 21:28:02 [weipai] [ERROR] [weipai.py:76] - analysis video: 52c5b0fbc58a87b36d314c02 failed
2014-01-14 21:28:02 [weipai] [INFO] [weipai.py:26] - start analysis video: 529b78e2c58a87dc1511f2e5
2014-01-14 21:28:03 [weipai] [INFO] [weipai.py:26] - start analysis video: 52c8205977d3cc8e038b45a5
2014-01-14 21:28:03 [weipai] [INFO] [weipai.py:81] - end analysis page: 34
2014-01-14 21:28:03 [weipai] [INFO] [weipai.py:63] - start analysis page: 35
2014-01-14 21:28:03 [weipai] [INFO] [weipai.py:26] - start analysis video: 52c82b2eebeddb57778b45b9
2014-01-14 21:28:03 [weipai] [INFO] [weipai.py:26] - start analysis video: 52b328eb504a1358788b457f
2014-01-14 21:28:03 [weipai] [INFO] [weipai.py:26] - start analysis video: 528e34209f6c00aa03ccfed1
2014-01-14 21:28:03 [weipai] [INFO] [weipai.py:26] - start analysis video: 52c8165b813494ed3962b528
2014-01-14 21:28:04 [weipai] [INFO] [weipai.py:26] - start analysis video: 52c3566a79d3cc583f8b45da
2014-01-14 21:28:04 [weipai] [INFO] [weipai.py:26] - start analysis video: 52a75aec8134945c5416711a
2014-01-14 21:28:04 [weipai] [INFO] [weipai.py:26] - start analysis video: 52c504008134941e163e4036
2014-01-14 21:28:04 [weipai] [INFO] [weipai.py:26] - start analysis video: 52a99630ebeddb605b8b456a
2014-01-14 21:28:04 [weipai] [INFO] [weipai.py:26] - start analysis video: 52b024a3ebeddbb80a8b4571
2014-01-14 21:28:04 [weipai] [INFO] [weipai.py:26] - start analysis video: 52aabbfb504a13e0618b458d
2014-01-14 21:28:04 [weipai] [INFO] [weipai.py:26] - start analysis video: 52b6e3d1c58a87670b4837f2
2014-01-14 21:28:04 [weipai] [INFO] [weipai.py:26] - start analysis video: 52c2f9b978d3ccf3368b4593
2014-01-14 21:28:04 [weipai] [INFO] [weipai.py:26] - start analysis video: 527ca8bf5e7feb40058b4588
2014-01-14 21:28:05 [weipai] [INFO] [weipai.py:26] - start analysis video: 52c633b4803494fb44f094a7
2014-01-14 21:28:06 [weipai] [INFO] [weipai.py:26] - start analysis video: 52bfaaa9e34167f9698b45af
2014-01-14 21:28:06 [weipai] [INFO] [weipai.py:81] - end analysis page: 35
2014-01-14 21:28:06 [weipai] [INFO] [weipai.py:63] - start analysis page: 36
2014-01-14 21:28:06 [weipai] [INFO] [weipai.py:26] - start analysis video: 527a72ee7f34943e44c863ea
2014-01-14 21:28:06 [weipai] [INFO] [weipai.py:26] - start analysis video: 52a8bc7bebeddb9a4e8b4571
2014-01-14 21:28:06 [weipai] [INFO] [weipai.py:26] - start analysis video: 529cb05a7f3494d140027cb2
2014-01-14 21:28:07 [weipai] [INFO] [weipai.py:26] - start analysis video: 529769b2c58a87702774d921
2014-01-14 21:28:07 [weipai] [INFO] [weipai.py:26] - start analysis video: 528258209f6c00606b9c8946
2014-01-14 21:28:07 [weipai] [INFO] [weipai.py:26] - start analysis video: 525d2a567d34941647b7d886
2014-01-14 21:28:07 [weipai] [INFO] [weipai.py:26] - start analysis video: 52ba9d73ebeddb062d8b4576
2014-01-14 21:28:07 [weipai] [INFO] [weipai.py:26] - start analysis video: 5283166e9f6c001040aec946
2014-01-14 21:28:07 [weipai] [INFO] [weipai.py:26] - start analysis video: 52c16f3ec58a874b58a79d98
2014-01-14 21:28:07 [weipai] [INFO] [weipai.py:26] - start analysis video: 52a996fc803494d25c3e3a92
2014-01-14 21:28:16 [weipai] [INFO] [weipai.py:26] - start analysis video: 52b5a783c58a87c653e6048b
2014-01-14 21:28:16 [weipai] [INFO] [weipai.py:26] - start analysis video: 52c2686f77d3ccb7218b458b
2014-01-14 21:28:17 [weipai] [INFO] [weipai.py:26] - start analysis video: 52ba94c4504a138e258b456b
2014-01-14 21:28:17 [weipai] [INFO] [weipai.py:26] - start analysis video: 52ba9d85803494c37eb25ea7
2014-01-14 21:28:17 [weipai] [INFO] [weipai.py:26] - start analysis video: 52b3e73f504a13b5408b457b
2014-01-14 21:28:17 [weipai] [INFO] [weipai.py:81] - end analysis page: 36
2014-01-14 21:28:17 [weipai] [INFO] [weipai.py:63] - start analysis page: 37
2014-01-14 21:28:17 [weipai] [INFO] [weipai.py:26] - start analysis video: 52a873a4504a13be3b8b456a
2014-01-14 21:28:17 [weipai] [INFO] [weipai.py:26] - start analysis video: 528e95f85e7feb700e8b4595
2014-01-14 21:28:17 [weipai] [INFO] [weipai.py:26] - start analysis video: 52be37d6a07f031d1e8b45e9
2014-01-14 21:28:17 [weipai] [INFO] [weipai.py:26] - start analysis video: 52a364e59f6c009b1a8b9020
2014-01-14 21:28:17 [weipai] [INFO] [weipai.py:26] - start analysis video: 52b3b841ebeddbac198b456c
2014-01-14 21:28:18 [weipai] [INFO] [weipai.py:26] - start analysis video: 52ab2e7febeddbca668b456a
2014-01-14 21:28:18 [weipai] [INFO] [weipai.py:26] - start analysis video: 52c431efe341679a238b4597
2014-01-14 21:28:18 [weipai] [INFO] [weipai.py:26] - start analysis video: 52b04d5e504a1373068b4572
2014-01-14 21:28:18 [weipai] [INFO] [weipai.py:26] - start analysis video: 52b2e700ebeddb6c4d8b457b
2014-01-14 21:28:18 [weipai] [INFO] [weipai.py:26] - start analysis video: 52a9ae59ebeddbb8758b4576
2014-01-14 21:28:18 [weipai] [INFO] [weipai.py:26] - start analysis video: 52b04f80803494d271131e00
2014-01-14 21:28:18 [weipai] [INFO] [weipai.py:26] - start analysis video: 52a40c51504a133c158b4568
2014-01-14 21:28:18 [weipai] [INFO] [weipai.py:26] - start analysis video: 52b808de7f3494cd4fcf9c61
2014-01-14 21:28:18 [weipai] [INFO] [weipai.py:26] - start analysis video: 52a96b85ebeddb201b8b4574
2014-01-14 21:28:18 [weipai] [INFO] [weipai.py:26] - start analysis video: 529494345e7feb54558b45ad
2014-01-14 21:28:18 [weipai] [INFO] [weipai.py:81] - end analysis page: 37
2014-01-14 21:28:18 [weipai] [INFO] [weipai.py:63] - start analysis page: 38
2014-01-14 21:28:19 [weipai] [INFO] [weipai.py:26] - start analysis video: 529e91827f3494e96dde950d
2014-01-14 21:28:19 [weipai] [INFO] [weipai.py:26] - start analysis video: 52b2b420c58a87bd7ceaecc7
2014-01-14 21:28:19 [weipai] [INFO] [weipai.py:26] - start analysis video: 528f940b813494e611f5506b
2014-01-14 21:28:19 [weipai] [INFO] [weipai.py:26] - start analysis video: 52bef12d86f66f313a8b464d
2014-01-14 21:28:20 [weipai] [INFO] [weipai.py:26] - start analysis video: 529e7c46504a1363048b45bc
2014-01-14 21:28:20 [weipai] [INFO] [weipai.py:26] - start analysis video: 52b2d526c58a87e370cd1ca1
2014-01-14 21:28:20 [weipai] [INFO] [weipai.py:26] - start analysis video: 526a93747d3494df0ac9de4f
2014-01-14 21:28:20 [weipai] [INFO] [weipai.py:26] - start analysis video: 52ae7456ebeddbc26b8b459b
2014-01-14 21:28:20 [weipai] [INFO] [weipai.py:26] - start analysis video: 528641d4504a1319388b45a6
2014-01-14 21:28:20 [weipai] [INFO] [weipai.py:26] - start analysis video: 52a9ebd05e7feb494a8b45e5
2014-01-14 21:28:20 [weipai] [INFO] [weipai.py:26] - start analysis video: 529c5b61504a13cb408b4567
2014-01-14 21:28:20 [weipai] [INFO] [weipai.py:26] - start analysis video: 52a769c29f6c005417fb957b
2014-01-14 21:28:20 [weipai] [INFO] [weipai.py:26] - start analysis video: 52bb0497c58a879e5b8ace5e
2014-01-14 21:28:21 [weipai] [INFO] [weipai.py:26] - start analysis video: 52c5397278d3ccec058b45cc
2014-01-14 21:28:21 [weipai] [INFO] [weipai.py:26] - start analysis video: 52b9ab78c58a87ea1c5008bc
2014-01-14 21:28:21 [weipai] [INFO] [weipai.py:81] - end analysis page: 38
2014-01-14 21:28:21 [weipai] [INFO] [weipai.py:63] - start analysis page: 39
2014-01-14 21:28:21 [weipai] [INFO] [weipai.py:26] - start analysis video: 52b5aaabebeddb29348b47f5
2014-01-14 21:28:21 [weipai] [INFO] [weipai.py:26] - start analysis video: 52a4461a7f3494ef1240d7c1
2014-01-14 21:28:21 [weipai] [INFO] [weipai.py:26] - start analysis video: 52a004f59f6c00b31c146195
2014-01-14 21:28:21 [weipai] [INFO] [weipai.py:26] - start analysis video: 52a8bd42504a131f1f8b4585
2014-01-14 21:28:22 [weipai] [INFO] [weipai.py:26] - start analysis video: 529b8167504a13d31c8b4568
2014-01-14 21:28:22 [weipai] [INFO] [weipai.py:26] - start analysis video: 52c02a04803494de7c87e368
2014-01-14 21:28:22 [weipai] [INFO] [weipai.py:26] - start analysis video: 526cdb158034944854ddf4e8
2014-01-14 21:28:22 [weipai] [INFO] [weipai.py:26] - start analysis video: 52ba7d06ebeddb761f8b459b
2014-01-14 21:28:22 [weipai] [INFO] [weipai.py:26] - start analysis video: 529c5024813494a3154f81a6
2014-01-14 21:28:22 [weipai] [INFO] [weipai.py:26] - start analysis video: 52a9917eebeddb25558b4569
2014-01-14 21:28:22 [weipai] [INFO] [weipai.py:26] - start analysis video: 52b40f93ebeddbe8728b4568
2014-01-14 21:28:22 [weipai] [INFO] [weipai.py:26] - start analysis video: 52b9091ec58a87116057843c
2014-01-14 21:28:22 [weipai] [INFO] [weipai.py:26] - start analysis video: 52b3d8afc58a8701794d76a9
2014-01-14 21:28:23 [weipai] [INFO] [weipai.py:26] - start analysis video: 52aaee26504a135e388b4597
2014-01-14 21:28:23 [weipai] [INFO] [weipai.py:26] - start analysis video: 52a0e1688034948d44cb387c
2014-01-14 21:28:23 [weipai] [INFO] [weipai.py:81] - end analysis page: 39
2014-01-14 21:28:23 [weipai] [INFO] [weipai.py:63] - start analysis page: 40
2014-01-14 21:28:24 [weipai] [INFO] [weipai.py:26] - start analysis video: 529c2b1e5e7feb2c058b45cf
2014-01-14 21:28:24 [weipai] [INFO] [weipai.py:26] - start analysis video: 527f979c7f3494ad36187c87
2014-01-14 21:28:24 [weipai] [INFO] [weipai.py:26] - start analysis video: 528082085e7feb3e158b457d
2014-01-14 21:28:24 [weipai] [INFO] [weipai.py:26] - start analysis video: 52b07accebeddb25678b456f
2014-01-14 21:28:25 [weipai] [INFO] [weipai.py:26] - start analysis video: 52612ef481349435320254ae
2014-01-14 21:28:25 [weipai] [INFO] [weipai.py:26] - start analysis video: 52a075aa7f3494593af761eb
2014-01-14 21:28:25 [weipai] [INFO] [weipai.py:26] - start analysis video: 52ac2989c58a8712460c4752
2014-01-14 21:28:25 [weipai] [INFO] [weipai.py:26] - start analysis video: 52acb487ebeddb7d5d8b4568
2014-01-14 21:28:26 [weipai] [INFO] [weipai.py:26] - start analysis video: 52b1e041504a13f7668b4591
2014-01-14 21:28:26 [weipai] [INFO] [weipai.py:26] - start analysis video: 52a058d15e7feb233f8b45d6
2014-01-14 21:28:26 [weipai] [INFO] [weipai.py:26] - start analysis video: 52bdbabf9d67d912168b458d
2014-01-14 21:28:26 [weipai] [INFO] [weipai.py:26] - start analysis video: 52aecd858034945c4e03a5a4
2014-01-14 21:28:27 [weipai] [INFO] [weipai.py:26] - start analysis video: 52aee0c87f3494a46c64ca9f
2014-01-14 21:28:27 [weipai] [INFO] [weipai.py:26] - start analysis video: 52ac22b9ebeddb2e488b4569
2014-01-14 21:28:27 [weipai] [INFO] [weipai.py:26] - start analysis video: 5278aa0881349464722b048d
2014-01-14 21:28:28 [weipai] [INFO] [weipai.py:81] - end analysis page: 40
2014-01-14 21:28:28 [weipai] [INFO] [weipai.py:63] - start analysis page: 41
2014-01-14 21:28:29 [weipai] [INFO] [weipai.py:26] - start analysis video: 52a5a0779f6c00f64dd9e994
2014-01-14 21:28:30 [weipai] [INFO] [weipai.py:26] - start analysis video: 52a43dd0803494db7c2041fc
2014-01-14 21:28:30 [weipai] [INFO] [weipai.py:26] - start analysis video: 52b1f6807f3494c965d35afb
2014-01-14 21:28:30 [weipai] [INFO] [weipai.py:26] - start analysis video: 52ac95cb5e7feb01498b457f
2014-01-14 21:28:31 [weipai] [INFO] [weipai.py:26] - start analysis video: 52963fa7504a130b2a8b4572
2014-01-14 21:28:31 [weipai] [INFO] [weipai.py:26] - start analysis video: 52a33838504a132f558b459e
2014-01-14 21:28:31 [weipai] [INFO] [weipai.py:26] - start analysis video: 5266da55803494a96772af92
2014-01-14 21:28:32 [weipai] [INFO] [weipai.py:26] - start analysis video: 528779267f34943b5cd329cb
2014-01-14 21:28:32 [weipai] [INFO] [weipai.py:26] - start analysis video: 529212b3c58a87cd661b5798
2014-01-14 21:28:32 [weipai] [INFO] [weipai.py:26] - start analysis video: 5282613f9f6c0046779065d8
2014-01-14 21:28:32 [weipai] [INFO] [weipai.py:26] - start analysis video: 52a30c685e7feb69548b4636
2014-01-14 21:28:33 [weipai] [INFO] [weipai.py:26] - start analysis video: 529489989f6c00d50f4590c9
2014-01-14 21:28:33 [weipai] [INFO] [weipai.py:26] - start analysis video: 52a0b182c58a87ba1d23fd92
2014-01-14 21:28:33 [weipai] [INFO] [weipai.py:26] - start analysis video: 52ab2eb45e7feb84148b458a
2014-01-14 21:28:34 [weipai] [INFO] [weipai.py:26] - start analysis video: 52a028cc504a13ab158b45a4
2014-01-14 21:28:34 [weipai] [INFO] [weipai.py:81] - end analysis page: 41
2014-01-14 21:28:34 [weipai] [INFO] [weipai.py:63] - start analysis page: 42
2014-01-14 21:28:35 [weipai] [INFO] [weipai.py:26] - start analysis video: 52a9937e504a134e3e8b45e5
2014-01-14 21:28:35 [weipai] [INFO] [weipai.py:26] - start analysis video: 52a066ad8034949d42483b6c
2014-01-14 21:28:35 [weipai] [INFO] [weipai.py:26] - start analysis video: 52a4012a9f6c000e29c4a532
2014-01-14 21:28:35 [weipai] [INFO] [weipai.py:26] - start analysis video: 52a9bff7803494657e7e48d7
2014-01-14 21:28:36 [weipai] [INFO] [weipai.py:26] - start analysis video: 52c1896078d3cc70578b468f
2014-01-14 21:28:36 [weipai] [INFO] [weipai.py:26] - start analysis video: 52a5a574803494dc178ea588
2014-01-14 21:28:37 [weipai] [INFO] [weipai.py:26] - start analysis video: 52c104f6c58a878827623895
2014-01-14 21:28:37 [weipai] [INFO] [weipai.py:26] - start analysis video: 52af16e1504a13ee0f8b45df
2014-01-14 21:28:37 [weipai] [INFO] [weipai.py:26] - start analysis video: 525414467d349460445eeb17
2014-01-14 21:28:38 [weipai] [INFO] [weipai.py:26] - start analysis video: 52a78ad25e7feb51308b4592
2014-01-14 21:28:38 [weipai] [INFO] [weipai.py:26] - start analysis video: 528ed0275e7feb50038b46c4
2014-01-14 21:28:38 [weipai] [INFO] [weipai.py:26] - start analysis video: 52b2c8e3c58a871b41abf271
2014-01-14 21:28:41 [weipai] [INFO] [weipai.py:26] - start analysis video: 52aeeba7ebeddb13678b457c
2014-01-14 21:28:46 [weipai] [INFO] [weipai.py:26] - start analysis video: 52ab1ce9803494d50cc04cc3
2014-01-14 21:28:46 [weipai] [INFO] [weipai.py:26] - start analysis video: 52b2279c8034946b15a5d1d6
2014-01-14 21:28:47 [weipai] [INFO] [weipai.py:81] - end analysis page: 42
2014-01-14 21:28:47 [weipai] [INFO] [weipai.py:63] - start analysis page: 43
2014-01-14 21:28:51 [weipai] [INFO] [weipai.py:26] - start analysis video: 52b1d206c58a87947010774e
2014-01-14 21:28:51 [weipai] [INFO] [weipai.py:26] - start analysis video: 52a4b744c58a879c4a675f8c
2014-01-14 21:28:52 [weipai] [INFO] [weipai.py:26] - start analysis video: 52ba7a61a07f03fa0b8b456a
2014-01-14 21:28:52 [weipai] [INFO] [weipai.py:26] - start analysis video: 52a5d3f89f6c00543269b4c6
2014-01-14 21:28:53 [weipai] [INFO] [weipai.py:26] - start analysis video: 52a42b9d9f6c00eb48b61186
2014-01-14 21:28:53 [weipai] [INFO] [weipai.py:26] - start analysis video: 5290a2c07f34945d1a79cae4
2014-01-14 21:28:53 [weipai] [INFO] [weipai.py:26] - start analysis video: 52c1415dc58a87724f21d1d1
2014-01-14 21:28:54 [weipai] [INFO] [weipai.py:26] - start analysis video: 52b0799b5e7febc5248b45b7
2014-01-14 21:28:54 [weipai] [INFO] [weipai.py:26] - start analysis video: 52a5d81e504a13cd158b4567
2014-01-14 21:28:54 [weipai] [INFO] [weipai.py:26] - start analysis video: 52b833f5ebeddb4a4b8b45cc
2014-01-14 21:28:55 [weipai] [INFO] [weipai.py:26] - start analysis video: 52a2d128504a13a3338b45ad
2014-01-14 21:28:55 [weipai] [INFO] [weipai.py:26] - start analysis video: 52b28f4a504a1381228b458a
2014-01-14 21:28:55 [weipai] [INFO] [weipai.py:26] - start analysis video: 52bacccf5e8caaf7358b4579
2014-01-14 21:28:55 [weipai] [INFO] [weipai.py:26] - start analysis video: 52b3a447c58a87883f7fe5ff
2014-01-14 21:28:56 [weipai] [INFO] [weipai.py:26] - start analysis video: 52b311fd803494ae033d0414
2014-01-14 21:28:56 [weipai] [INFO] [weipai.py:81] - end analysis page: 43
2014-01-14 21:28:56 [weipai] [INFO] [weipai.py:63] - start analysis page: 44
2014-01-14 21:28:56 [weipai] [INFO] [weipai.py:26] - start analysis video: 52b1dd54803494d95d0cd173
2014-01-14 21:28:56 [weipai] [INFO] [weipai.py:26] - start analysis video: 529e6c039f6c00423e72ff15
2014-01-14 21:28:57 [weipai] [INFO] [weipai.py:26] - start analysis video: 52903427813494ba7d6125fd
2014-01-14 21:28:57 [weipai] [INFO] [weipai.py:26] - start analysis video: 5280b9f89f6c00f604f58429
2014-01-14 21:28:57 [weipai] [INFO] [weipai.py:26] - start analysis video: 52b190b5504a13b57d8b4568
2014-01-14 21:28:57 [weipai] [INFO] [weipai.py:26] - start analysis video: 52a9950b9f6c006211a5773e
2014-01-14 21:28:57 [weipai] [INFO] [weipai.py:26] - start analysis video: 52b0102aebeddbe7748b4589
2014-01-14 21:28:57 [weipai] [INFO] [weipai.py:26] - start analysis video: 52ada30febeddb5b338b456e
2014-01-14 21:28:57 [weipai] [INFO] [weipai.py:26] - start analysis video: 52b1b2b27f3494f07b7d32e1
2014-01-14 21:28:57 [weipai] [INFO] [weipai.py:26] - start analysis video: 52a071de504a1361228b4568
2014-01-14 21:28:57 [weipai] [INFO] [weipai.py:26] - start analysis video: 52a44a49504a1342758b4578
2014-01-14 21:28:58 [weipai] [INFO] [weipai.py:26] - start analysis video: 52b632fb9f6c002c6a7d58d8
2014-01-14 21:28:58 [weipai] [INFO] [weipai.py:26] - start analysis video: 52a40b677f349461713e5155
2014-01-14 21:28:58 [weipai] [INFO] [weipai.py:26] - start analysis video: 52a94f62803494b730df5ed7
2014-01-14 21:28:58 [weipai] [INFO] [weipai.py:26] - start analysis video: 52ab58cb7f34943c41f3575f
2014-01-14 21:28:58 [weipai] [INFO] [weipai.py:81] - end analysis page: 44
2014-01-14 21:28:58 [weipai] [INFO] [weipai.py:63] - start analysis page: 45
2014-01-14 21:28:59 [weipai] [INFO] [weipai.py:26] - start analysis video: 52b9c89c9d67d93a608b457d
2014-01-14 21:28:59 [weipai] [INFO] [weipai.py:26] - start analysis video: 52a9f6d5504a1382578b457d
2014-01-14 21:29:00 [weipai] [INFO] [weipai.py:26] - start analysis video: 5257d2837f34940e0ef9477a
2014-01-14 21:29:00 [weipai] [INFO] [weipai.py:26] - start analysis video: 52b154be803494b81eb0be58
2014-01-14 21:29:00 [weipai] [INFO] [weipai.py:26] - start analysis video: 526bcb7f5e7feb421c8b456b
2014-01-14 21:29:00 [weipai] [INFO] [weipai.py:26] - start analysis video: 526f7021c58a87bd481cb0b5
2014-01-14 21:29:00 [weipai] [INFO] [weipai.py:26] - start analysis video: 5252a8fcc58a878642e33713
2014-01-14 21:29:00 [weipai] [INFO] [weipai.py:26] - start analysis video: 52a9d61c9f6c00954c03fa6a
2014-01-14 21:29:00 [weipai] [INFO] [weipai.py:26] - start analysis video: 527ae552803494385da1347e
2014-01-14 21:29:00 [weipai] [INFO] [weipai.py:26] - start analysis video: 52a07b6d813494604a6e9558
2014-01-14 21:29:01 [weipai] [INFO] [weipai.py:26] - start analysis video: 52b319d25e7feb2f148b4576
2014-01-14 21:29:01 [weipai] [INFO] [weipai.py:26] - start analysis video: 52a16d1e504a13ea0d8b45a3
2014-01-14 21:29:01 [weipai] [INFO] [weipai.py:26] - start analysis video: 52b2a218504a139c388b459d
2014-01-14 21:29:01 [weipai] [INFO] [weipai.py:26] - start analysis video: 52973200c58a874969517575
2014-01-14 21:29:01 [weipai] [INFO] [weipai.py:26] - start analysis video: 52b6669a8034946a1e1c12d0
2014-01-14 21:29:02 [weipai] [INFO] [weipai.py:81] - end analysis page: 45
2014-01-14 21:29:02 [weipai] [INFO] [weipai.py:63] - start analysis page: 46
2014-01-14 21:29:03 [weipai] [INFO] [weipai.py:26] - start analysis video: 527c7cbf5e7feb7a268b45b6
2014-01-14 21:29:03 [weipai] [INFO] [weipai.py:26] - start analysis video: 529061c1504a1369378b4567
2014-01-14 21:29:03 [weipai] [INFO] [weipai.py:26] - start analysis video: 529da41f813494875972a746
2014-01-14 21:29:05 [weipai] [INFO] [weipai.py:26] - start analysis video: 528762365e7feb0a228b457c
2014-01-14 21:29:05 [weipai] [INFO] [weipai.py:26] - start analysis video: 52a7acd8504a13b0608b4572
2014-01-14 21:29:06 [weipai] [INFO] [weipai.py:26] - start analysis video: 528f19ce504a13f5148b4568
2014-01-14 21:29:06 [weipai] [INFO] [weipai.py:26] - start analysis video: 52b089f1504a13a95a8b4571
2014-01-14 21:29:10 [weipai] [INFO] [weipai.py:26] - start analysis video: 528623335e7feb20428b4567
2014-01-14 21:29:10 [weipai] [INFO] [weipai.py:26] - start analysis video: 52831b33504a13d50e8b457a
2014-01-14 21:29:10 [weipai] [INFO] [weipai.py:26] - start analysis video: 526bf79f9f6c00792f485e29
2014-01-14 21:29:11 [weipai] [INFO] [weipai.py:26] - start analysis video: 527f83788034948061dc3673
2014-01-14 21:29:11 [weipai] [INFO] [weipai.py:26] - start analysis video: 52bab4a2e341671d148b4579
2014-01-14 21:29:11 [weipai] [INFO] [weipai.py:26] - start analysis video: 51f3c0db7f34943d4000007d
2014-01-14 21:29:12 [weipai] [INFO] [weipai.py:26] - start analysis video: 5264f4b37d3494940cc9dc25
2014-01-14 21:29:12 [weipai] [INFO] [weipai.py:26] - start analysis video: 52a860b27f3494276417d284
2014-01-14 21:29:13 [weipai] [INFO] [weipai.py:81] - end analysis page: 46
2014-01-14 21:29:13 [weipai] [INFO] [weipai.py:63] - start analysis page: 47
2014-01-14 21:29:15 [weipai] [INFO] [weipai.py:26] - start analysis video: 52b95a33c58a87c3347833cf
2014-01-14 21:29:15 [weipai] [INFO] [weipai.py:26] - start analysis video: 52ab0a5280349442751dca16
2014-01-14 21:29:16 [weipai] [INFO] [weipai.py:26] - start analysis video: 529e01b29f6c00d673b9c55f
2014-01-14 21:29:16 [weipai] [INFO] [weipai.py:26] - start analysis video: 529458fb504a13b1678b4599
2014-01-14 21:29:17 [weipai] [INFO] [weipai.py:26] - start analysis video: 52a83603803494917e894cd7
2014-01-14 21:29:17 [weipai] [INFO] [weipai.py:26] - start analysis video: 528fa4299f6c001568cf6de8
2014-01-14 21:29:26 [weipai] [INFO] [weipai.py:26] - start analysis video: 527e1c3e813494f32fe6a1ec
2014-01-14 21:29:26 [weipai] [INFO] [weipai.py:26] - start analysis video: 52abfa94504a13d3238b4582
2014-01-14 21:29:27 [weipai] [INFO] [weipai.py:26] - start analysis video: 5290ab9f7f3494b21d348345
2014-01-14 21:29:27 [weipai] [INFO] [weipai.py:26] - start analysis video: 52b140f15e7febbe738b45bb
2014-01-14 21:29:27 [weipai] [INFO] [weipai.py:26] - start analysis video: 52b1105c803494e057bc7971
2014-01-14 21:29:27 [weipai] [INFO] [weipai.py:26] - start analysis video: 52af2a6cebeddbb02b8b459e
2014-01-14 21:29:27 [weipai] [INFO] [weipai.py:26] - start analysis video: 52995ba8504a13dd658b45bd
2014-01-14 21:29:27 [weipai] [INFO] [weipai.py:26] - start analysis video: 5294c6485e7febad4a8b4567
2014-01-14 21:29:27 [weipai] [INFO] [weipai.py:26] - start analysis video: 52aab886504a131a5c8b4576
2014-01-14 21:29:28 [weipai] [INFO] [weipai.py:81] - end analysis page: 47
2014-01-14 21:29:28 [weipai] [INFO] [weipai.py:63] - start analysis page: 48
2014-01-14 21:29:29 [weipai] [INFO] [weipai.py:26] - start analysis video: 52bfb6f49d67d96b408b45cb
2014-01-14 21:29:29 [weipai] [INFO] [weipai.py:26] - start analysis video: 52a43e15504a1368628b45e5
2014-01-14 21:29:29 [weipai] [INFO] [weipai.py:26] - start analysis video: 52b3deb2ebeddbac408b4578
2014-01-14 21:29:29 [weipai] [INFO] [weipai.py:26] - start analysis video: 52b2d94d504a13ee0e8b45b6
2014-01-14 21:29:29 [weipai] [INFO] [weipai.py:26] - start analysis video: 52b2e43e9f6c00a1178af75a
2014-01-14 21:29:29 [weipai] [INFO] [weipai.py:26] - start analysis video: 52a06ec5504a13bb1c8b457d
2014-01-14 21:29:29 [weipai] [INFO] [weipai.py:26] - start analysis video: 529b68bb5e7feb4e478b456d
2014-01-14 21:29:30 [weipai] [INFO] [weipai.py:26] - start analysis video: 529080c67f3494cf0fa2ead4
2014-01-14 21:29:30 [weipai] [INFO] [weipai.py:26] - start analysis video: 527325b68034943a3b6f393d
2014-01-14 21:29:30 [weipai] [INFO] [weipai.py:26] - start analysis video: 52b2f2e7504a139e308b4573
2014-01-14 21:29:31 [weipai] [INFO] [weipai.py:26] - start analysis video: 529e1d1e504a13de118b4567
2014-01-14 21:29:31 [weipai] [INFO] [weipai.py:26] - start analysis video: 5282090d504a13196e8b457d
2014-01-14 21:29:31 [weipai] [INFO] [weipai.py:26] - start analysis video: 528fb070c58a87060aeda8a7
2014-01-14 21:29:31 [weipai] [INFO] [weipai.py:26] - start analysis video: 52c03b75c58a872e6e73a172
2014-01-14 21:29:31 [weipai] [INFO] [weipai.py:26] - start analysis video: 52aca222c58a877379c0d03b
2014-01-14 21:29:31 [weipai] [INFO] [weipai.py:81] - end analysis page: 48
2014-01-14 21:29:31 [weipai] [INFO] [weipai.py:63] - start analysis page: 49
2014-01-14 21:29:32 [weipai] [INFO] [weipai.py:26] - start analysis video: 528a192e9f6c009d3debae80
2014-01-14 21:29:32 [weipai] [INFO] [weipai.py:26] - start analysis video: 5280848fc58a87fa59472241
2014-01-14 21:29:32 [weipai] [INFO] [weipai.py:26] - start analysis video: 525963fe9f6c00ab20910bde
2014-01-14 21:29:32 [weipai] [INFO] [weipai.py:26] - start analysis video: 52a46056504a13861a8b4580
2014-01-14 21:29:32 [weipai] [INFO] [weipai.py:26] - start analysis video: 528d81d6504a13e5538b4576
2014-01-14 21:29:32 [weipai] [INFO] [weipai.py:26] - start analysis video: 528108f37f3494a84fb43e9d
2014-01-14 21:29:32 [weipai] [INFO] [weipai.py:26] - start analysis video: 5267f14c7d34945103148962
2014-01-14 21:29:33 [weipai] [INFO] [weipai.py:26] - start analysis video: 52a05ac1c58a87f8693e7069
2014-01-14 21:29:33 [weipai] [INFO] [weipai.py:26] - start analysis video: 52b58967ebeddbd8318b458d
2014-01-14 21:29:33 [weipai] [INFO] [weipai.py:26] - start analysis video: 52a97f08504a13627d8b459e
2014-01-14 21:29:33 [weipai] [INFO] [weipai.py:26] - start analysis video: 52a8b4a7ebeddbae448b4569
2014-01-14 21:29:34 [weipai] [INFO] [weipai.py:26] - start analysis video: 52a8b0cd504a1380108b4568
2014-01-14 21:29:34 [weipai] [INFO] [weipai.py:26] - start analysis video: 527d6a368034949e6c313cb5
2014-01-14 21:29:34 [weipai] [INFO] [weipai.py:26] - start analysis video: 52b1d1df7f3494f738557e7c
2014-01-14 21:29:35 [weipai] [INFO] [weipai.py:26] - start analysis video: 5298b519504a1356028b458b
2014-01-14 21:29:35 [weipai] [INFO] [weipai.py:81] - end analysis page: 49
2014-01-14 21:29:35 [weipai] [INFO] [weipai.py:63] - start analysis page: 50
2014-01-14 21:29:35 [weipai] [INFO] [weipai.py:26] - start analysis video: 525d239f7f34947a47eb6bd8
2014-01-14 21:29:35 [weipai] [INFO] [weipai.py:26] - start analysis video: 5297cb09c58a877b15ee59d9
2014-01-14 21:29:36 [weipai] [INFO] [weipai.py:26] - start analysis video: 52a360549f6c007d15c0734c
2014-01-14 21:29:36 [weipai] [INFO] [weipai.py:26] - start analysis video: 52a9678aebeddb80168b45cb
2014-01-14 21:29:36 [weipai] [INFO] [weipai.py:26] - start analysis video: 52a7c5ce80349444191ee00b
2014-01-14 21:29:36 [weipai] [INFO] [weipai.py:26] - start analysis video: 5290bacb504a13b9288b4596
2014-01-14 21:29:37 [weipai] [INFO] [weipai.py:26] - start analysis video: 529237969f6c00e034b21696
2014-01-14 21:29:37 [weipai] [INFO] [weipai.py:26] - start analysis video: 526967a4c58a878d70007b9c
2014-01-14 21:29:37 [weipai] [INFO] [weipai.py:26] - start analysis video: 525f34737d3494301d3288ac
2014-01-14 21:29:37 [weipai] [INFO] [weipai.py:26] - start analysis video: 52ab6e3e504a134a698b4569
2014-01-14 21:29:37 [weipai] [INFO] [weipai.py:26] - start analysis video: 52a73db7c58a8755186df757
2014-01-14 21:29:37 [weipai] [INFO] [weipai.py:26] - start analysis video: 5291f474c58a873773ac13dd
2014-01-14 21:29:37 [weipai] [INFO] [weipai.py:26] - start analysis video: 52aa7c0f9f6c0052407eb523
2014-01-14 21:29:37 [weipai] [INFO] [weipai.py:26] - start analysis video: 528390d05e7febb0658b4569
2014-01-14 21:29:37 [weipai] [INFO] [weipai.py:26] - start analysis video: 52b9fabba07f03466c8b4567
2014-01-14 21:29:38 [weipai] [INFO] [weipai.py:81] - end analysis page: 50
2014-01-14 21:29:38 [weipai] [INFO] [weipai.py:83] - end analysis...
